{"code":"credentials_required","inner":{"message":"No authorization token was found"},"level":"error","message":"global errorhandling No authorization token was found","name":"UnauthorizedError","stack":"UnauthorizedError: No authorization token was found\n    at new UnauthorizedError (D:\\Users\\jiang\\Desktop\\27Framework\\backend-node.js\\backend\\node_modules\\express-jwt\\dist\\errors\\UnauthorizedError.js:22:28)\n    at D:\\Users\\jiang\\Desktop\\27Framework\\backend-node.js\\backend\\node_modules\\express-jwt\\dist\\index.js:115:39\n    at step (D:\\Users\\jiang\\Desktop\\27Framework\\backend-node.js\\backend\\node_modules\\express-jwt\\dist\\index.js:33:23)\n    at Object.next (D:\\Users\\jiang\\Desktop\\27Framework\\backend-node.js\\backend\\node_modules\\express-jwt\\dist\\index.js:14:53)\n    at D:\\Users\\jiang\\Desktop\\27Framework\\backend-node.js\\backend\\node_modules\\express-jwt\\dist\\index.js:8:71\n    at new Promise (<anonymous>)\n    at __awaiter (D:\\Users\\jiang\\Desktop\\27Framework\\backend-node.js\\backend\\node_modules\\express-jwt\\dist\\index.js:4:12)\n    at middleware (D:\\Users\\jiang\\Desktop\\27Framework\\backend-node.js\\backend\\node_modules\\express-jwt\\dist\\index.js:67:16)\n    at D:\\Users\\jiang\\Desktop\\27Framework\\backend-node.js\\backend\\node_modules\\express-unless\\dist\\index.js:52:13\n    at Generator.next (<anonymous>)","status":401}
{"code":"invalid_token","inner":{"message":"invalid signature","name":"JsonWebTokenError"},"level":"error","message":"global errorhandling invalid signature","name":"UnauthorizedError","stack":"UnauthorizedError: invalid signature\n    at new UnauthorizedError (D:\\Users\\jiang\\Desktop\\27Framework\\backend-node.js\\backend\\node_modules\\express-jwt\\dist\\errors\\UnauthorizedError.js:22:28)\n    at D:\\Users\\jiang\\Desktop\\27Framework\\backend-node.js\\backend\\node_modules\\express-jwt\\dist\\index.js:140:38\n    at step (D:\\Users\\jiang\\Desktop\\27Framework\\backend-node.js\\backend\\node_modules\\express-jwt\\dist\\index.js:33:23)\n    at Object.next (D:\\Users\\jiang\\Desktop\\27Framework\\backend-node.js\\backend\\node_modules\\express-jwt\\dist\\index.js:14:53)\n    at fulfilled (D:\\Users\\jiang\\Desktop\\27Framework\\backend-node.js\\backend\\node_modules\\express-jwt\\dist\\index.js:5:58)","status":401}
{"code":"invalid_token","inner":{"message":"invalid signature","name":"JsonWebTokenError"},"level":"error","message":"global errorhandling invalid signature","name":"UnauthorizedError","stack":"UnauthorizedError: invalid signature\n    at new UnauthorizedError (D:\\Users\\jiang\\Desktop\\27Framework\\backend-node.js\\backend\\node_modules\\express-jwt\\dist\\errors\\UnauthorizedError.js:22:28)\n    at D:\\Users\\jiang\\Desktop\\27Framework\\backend-node.js\\backend\\node_modules\\express-jwt\\dist\\index.js:140:38\n    at step (D:\\Users\\jiang\\Desktop\\27Framework\\backend-node.js\\backend\\node_modules\\express-jwt\\dist\\index.js:33:23)\n    at Object.next (D:\\Users\\jiang\\Desktop\\27Framework\\backend-node.js\\backend\\node_modules\\express-jwt\\dist\\index.js:14:53)\n    at fulfilled (D:\\Users\\jiang\\Desktop\\27Framework\\backend-node.js\\backend\\node_modules\\express-jwt\\dist\\index.js:5:58)","status":401}
{"code":"invalid_token","inner":{"message":"invalid signature","name":"JsonWebTokenError"},"level":"error","message":"global errorhandling invalid signature","name":"UnauthorizedError","stack":"UnauthorizedError: invalid signature\n    at new UnauthorizedError (D:\\Users\\jiang\\Desktop\\27Framework\\backend-node.js\\backend\\node_modules\\express-jwt\\dist\\errors\\UnauthorizedError.js:22:28)\n    at D:\\Users\\jiang\\Desktop\\27Framework\\backend-node.js\\backend\\node_modules\\express-jwt\\dist\\index.js:140:38\n    at step (D:\\Users\\jiang\\Desktop\\27Framework\\backend-node.js\\backend\\node_modules\\express-jwt\\dist\\index.js:33:23)\n    at Object.next (D:\\Users\\jiang\\Desktop\\27Framework\\backend-node.js\\backend\\node_modules\\express-jwt\\dist\\index.js:14:53)\n    at fulfilled (D:\\Users\\jiang\\Desktop\\27Framework\\backend-node.js\\backend\\node_modules\\express-jwt\\dist\\index.js:5:58)","status":401}
{"code":"invalid_token","inner":{"message":"invalid signature","name":"JsonWebTokenError"},"level":"error","message":"global errorhandling invalid signature","name":"UnauthorizedError","stack":"UnauthorizedError: invalid signature\n    at new UnauthorizedError (D:\\Users\\jiang\\Desktop\\27Framework\\backend-node.js\\backend\\node_modules\\express-jwt\\dist\\errors\\UnauthorizedError.js:22:28)\n    at D:\\Users\\jiang\\Desktop\\27Framework\\backend-node.js\\backend\\node_modules\\express-jwt\\dist\\index.js:140:38\n    at step (D:\\Users\\jiang\\Desktop\\27Framework\\backend-node.js\\backend\\node_modules\\express-jwt\\dist\\index.js:33:23)\n    at Object.next (D:\\Users\\jiang\\Desktop\\27Framework\\backend-node.js\\backend\\node_modules\\express-jwt\\dist\\index.js:14:53)\n    at fulfilled (D:\\Users\\jiang\\Desktop\\27Framework\\backend-node.js\\backend\\node_modules\\express-jwt\\dist\\index.js:5:58)\n    at process.processTicksAndRejections (node:internal/process/task_queues:95:5)","status":401}
{"code":"invalid_token","inner":{"message":"jwt malformed","name":"JsonWebTokenError"},"level":"error","message":"global errorhandling jwt malformed","name":"UnauthorizedError","stack":"UnauthorizedError: jwt malformed\n    at new UnauthorizedError (D:\\Users\\jiang\\Desktop\\27Framework\\backend-node.js\\backend\\node_modules\\express-jwt\\dist\\errors\\UnauthorizedError.js:22:28)\n    at D:\\Users\\jiang\\Desktop\\27Framework\\backend-node.js\\backend\\node_modules\\express-jwt\\dist\\index.js:140:38\n    at step (D:\\Users\\jiang\\Desktop\\27Framework\\backend-node.js\\backend\\node_modules\\express-jwt\\dist\\index.js:33:23)\n    at Object.next (D:\\Users\\jiang\\Desktop\\27Framework\\backend-node.js\\backend\\node_modules\\express-jwt\\dist\\index.js:14:53)\n    at fulfilled (D:\\Users\\jiang\\Desktop\\27Framework\\backend-node.js\\backend\\node_modules\\express-jwt\\dist\\index.js:5:58)","status":401}
{"code":"invalid_token","inner":{"message":"jwt malformed","name":"JsonWebTokenError"},"level":"error","message":"global errorhandling jwt malformed","name":"UnauthorizedError","stack":"UnauthorizedError: jwt malformed\n    at new UnauthorizedError (D:\\Users\\jiang\\Desktop\\27Framework\\backend-node.js\\backend\\node_modules\\express-jwt\\dist\\errors\\UnauthorizedError.js:22:28)\n    at D:\\Users\\jiang\\Desktop\\27Framework\\backend-node.js\\backend\\node_modules\\express-jwt\\dist\\index.js:140:38\n    at step (D:\\Users\\jiang\\Desktop\\27Framework\\backend-node.js\\backend\\node_modules\\express-jwt\\dist\\index.js:33:23)\n    at Object.next (D:\\Users\\jiang\\Desktop\\27Framework\\backend-node.js\\backend\\node_modules\\express-jwt\\dist\\index.js:14:53)\n    at fulfilled (D:\\Users\\jiang\\Desktop\\27Framework\\backend-node.js\\backend\\node_modules\\express-jwt\\dist\\index.js:5:58)","status":401}
{"code":"invalid_token","inner":{"message":"jwt malformed","name":"JsonWebTokenError"},"level":"error","message":"global errorhandling jwt malformed","name":"UnauthorizedError","stack":"UnauthorizedError: jwt malformed\n    at new UnauthorizedError (D:\\Users\\jiang\\Desktop\\27Framework\\backend-node.js\\backend\\node_modules\\express-jwt\\dist\\errors\\UnauthorizedError.js:22:28)\n    at D:\\Users\\jiang\\Desktop\\27Framework\\backend-node.js\\backend\\node_modules\\express-jwt\\dist\\index.js:140:38\n    at step (D:\\Users\\jiang\\Desktop\\27Framework\\backend-node.js\\backend\\node_modules\\express-jwt\\dist\\index.js:33:23)\n    at Object.next (D:\\Users\\jiang\\Desktop\\27Framework\\backend-node.js\\backend\\node_modules\\express-jwt\\dist\\index.js:14:53)\n    at fulfilled (D:\\Users\\jiang\\Desktop\\27Framework\\backend-node.js\\backend\\node_modules\\express-jwt\\dist\\index.js:5:58)","status":401}
{"code":"invalid_token","inner":{"message":"jwt malformed","name":"JsonWebTokenError"},"level":"error","message":"global errorhandling jwt malformed","name":"UnauthorizedError","stack":"UnauthorizedError: jwt malformed\n    at new UnauthorizedError (D:\\Users\\jiang\\Desktop\\27Framework\\backend-node.js\\backend\\node_modules\\express-jwt\\dist\\errors\\UnauthorizedError.js:22:28)\n    at D:\\Users\\jiang\\Desktop\\27Framework\\backend-node.js\\backend\\node_modules\\express-jwt\\dist\\index.js:140:38\n    at step (D:\\Users\\jiang\\Desktop\\27Framework\\backend-node.js\\backend\\node_modules\\express-jwt\\dist\\index.js:33:23)\n    at Object.next (D:\\Users\\jiang\\Desktop\\27Framework\\backend-node.js\\backend\\node_modules\\express-jwt\\dist\\index.js:14:53)\n    at fulfilled (D:\\Users\\jiang\\Desktop\\27Framework\\backend-node.js\\backend\\node_modules\\express-jwt\\dist\\index.js:5:58)\n    at process.processTicksAndRejections (node:internal/process/task_queues:95:5)","status":401}
{"code":"invalid_token","inner":{"message":"jwt malformed","name":"JsonWebTokenError"},"level":"error","message":"global errorhandling jwt malformed","name":"UnauthorizedError","stack":"UnauthorizedError: jwt malformed\n    at new UnauthorizedError (D:\\Users\\jiang\\Desktop\\27Framework\\backend-node.js\\backend\\node_modules\\express-jwt\\dist\\errors\\UnauthorizedError.js:22:28)\n    at D:\\Users\\jiang\\Desktop\\27Framework\\backend-node.js\\backend\\node_modules\\express-jwt\\dist\\index.js:140:38\n    at step (D:\\Users\\jiang\\Desktop\\27Framework\\backend-node.js\\backend\\node_modules\\express-jwt\\dist\\index.js:33:23)\n    at Object.next (D:\\Users\\jiang\\Desktop\\27Framework\\backend-node.js\\backend\\node_modules\\express-jwt\\dist\\index.js:14:53)\n    at fulfilled (D:\\Users\\jiang\\Desktop\\27Framework\\backend-node.js\\backend\\node_modules\\express-jwt\\dist\\index.js:5:58)","status":401}
{"code":"invalid_token","inner":{"message":"jwt malformed","name":"JsonWebTokenError"},"level":"error","message":"global errorhandling jwt malformed","name":"UnauthorizedError","stack":"UnauthorizedError: jwt malformed\n    at new UnauthorizedError (D:\\Users\\jiang\\Desktop\\27Framework\\backend-node.js\\backend\\node_modules\\express-jwt\\dist\\errors\\UnauthorizedError.js:22:28)\n    at D:\\Users\\jiang\\Desktop\\27Framework\\backend-node.js\\backend\\node_modules\\express-jwt\\dist\\index.js:140:38\n    at step (D:\\Users\\jiang\\Desktop\\27Framework\\backend-node.js\\backend\\node_modules\\express-jwt\\dist\\index.js:33:23)\n    at Object.next (D:\\Users\\jiang\\Desktop\\27Framework\\backend-node.js\\backend\\node_modules\\express-jwt\\dist\\index.js:14:53)\n    at fulfilled (D:\\Users\\jiang\\Desktop\\27Framework\\backend-node.js\\backend\\node_modules\\express-jwt\\dist\\index.js:5:58)","status":401}
{"code":"invalid_token","inner":{"message":"jwt malformed","name":"JsonWebTokenError"},"level":"error","message":"global errorhandling jwt malformed","name":"UnauthorizedError","stack":"UnauthorizedError: jwt malformed\n    at new UnauthorizedError (D:\\Users\\jiang\\Desktop\\27Framework\\backend-node.js\\backend\\node_modules\\express-jwt\\dist\\errors\\UnauthorizedError.js:22:28)\n    at D:\\Users\\jiang\\Desktop\\27Framework\\backend-node.js\\backend\\node_modules\\express-jwt\\dist\\index.js:140:38\n    at step (D:\\Users\\jiang\\Desktop\\27Framework\\backend-node.js\\backend\\node_modules\\express-jwt\\dist\\index.js:33:23)\n    at Object.next (D:\\Users\\jiang\\Desktop\\27Framework\\backend-node.js\\backend\\node_modules\\express-jwt\\dist\\index.js:14:53)\n    at fulfilled (D:\\Users\\jiang\\Desktop\\27Framework\\backend-node.js\\backend\\node_modules\\express-jwt\\dist\\index.js:5:58)","status":401}
{"code":"invalid_token","inner":{"message":"jwt malformed","name":"JsonWebTokenError"},"level":"error","message":"global errorhandling jwt malformed","name":"UnauthorizedError","stack":"UnauthorizedError: jwt malformed\n    at new UnauthorizedError (D:\\Users\\jiang\\Desktop\\27Framework\\backend-node.js\\backend\\node_modules\\express-jwt\\dist\\errors\\UnauthorizedError.js:22:28)\n    at D:\\Users\\jiang\\Desktop\\27Framework\\backend-node.js\\backend\\node_modules\\express-jwt\\dist\\index.js:140:38\n    at step (D:\\Users\\jiang\\Desktop\\27Framework\\backend-node.js\\backend\\node_modules\\express-jwt\\dist\\index.js:33:23)\n    at Object.next (D:\\Users\\jiang\\Desktop\\27Framework\\backend-node.js\\backend\\node_modules\\express-jwt\\dist\\index.js:14:53)\n    at fulfilled (D:\\Users\\jiang\\Desktop\\27Framework\\backend-node.js\\backend\\node_modules\\express-jwt\\dist\\index.js:5:58)\n    at process.processTicksAndRejections (node:internal/process/task_queues:95:5)","status":401}
{"code":"invalid_token","inner":{"message":"jwt malformed","name":"JsonWebTokenError"},"level":"error","message":"global errorhandling jwt malformed","name":"UnauthorizedError","stack":"UnauthorizedError: jwt malformed\n    at new UnauthorizedError (D:\\Users\\jiang\\Desktop\\27Framework\\backend-node.js\\backend\\node_modules\\express-jwt\\dist\\errors\\UnauthorizedError.js:22:28)\n    at D:\\Users\\jiang\\Desktop\\27Framework\\backend-node.js\\backend\\node_modules\\express-jwt\\dist\\index.js:140:38\n    at step (D:\\Users\\jiang\\Desktop\\27Framework\\backend-node.js\\backend\\node_modules\\express-jwt\\dist\\index.js:33:23)\n    at Object.next (D:\\Users\\jiang\\Desktop\\27Framework\\backend-node.js\\backend\\node_modules\\express-jwt\\dist\\index.js:14:53)\n    at fulfilled (D:\\Users\\jiang\\Desktop\\27Framework\\backend-node.js\\backend\\node_modules\\express-jwt\\dist\\index.js:5:58)","status":401}
{"code":"invalid_token","inner":{"message":"jwt malformed","name":"JsonWebTokenError"},"level":"error","message":"global errorhandling jwt malformed","name":"UnauthorizedError","stack":"UnauthorizedError: jwt malformed\n    at new UnauthorizedError (D:\\Users\\jiang\\Desktop\\27Framework\\backend-node.js\\backend\\node_modules\\express-jwt\\dist\\errors\\UnauthorizedError.js:22:28)\n    at D:\\Users\\jiang\\Desktop\\27Framework\\backend-node.js\\backend\\node_modules\\express-jwt\\dist\\index.js:140:38\n    at step (D:\\Users\\jiang\\Desktop\\27Framework\\backend-node.js\\backend\\node_modules\\express-jwt\\dist\\index.js:33:23)\n    at Object.next (D:\\Users\\jiang\\Desktop\\27Framework\\backend-node.js\\backend\\node_modules\\express-jwt\\dist\\index.js:14:53)\n    at fulfilled (D:\\Users\\jiang\\Desktop\\27Framework\\backend-node.js\\backend\\node_modules\\express-jwt\\dist\\index.js:5:58)","status":401}
{"code":"invalid_token","inner":{"message":"jwt malformed","name":"JsonWebTokenError"},"level":"error","message":"global errorhandling jwt malformed","name":"UnauthorizedError","stack":"UnauthorizedError: jwt malformed\n    at new UnauthorizedError (D:\\Users\\jiang\\Desktop\\27Framework\\backend-node.js\\backend\\node_modules\\express-jwt\\dist\\errors\\UnauthorizedError.js:22:28)\n    at D:\\Users\\jiang\\Desktop\\27Framework\\backend-node.js\\backend\\node_modules\\express-jwt\\dist\\index.js:140:38\n    at step (D:\\Users\\jiang\\Desktop\\27Framework\\backend-node.js\\backend\\node_modules\\express-jwt\\dist\\index.js:33:23)\n    at Object.next (D:\\Users\\jiang\\Desktop\\27Framework\\backend-node.js\\backend\\node_modules\\express-jwt\\dist\\index.js:14:53)\n    at fulfilled (D:\\Users\\jiang\\Desktop\\27Framework\\backend-node.js\\backend\\node_modules\\express-jwt\\dist\\index.js:5:58)","status":401}
{"code":"invalid_token","inner":{"message":"jwt malformed","name":"JsonWebTokenError"},"level":"error","message":"global errorhandling jwt malformed","name":"UnauthorizedError","stack":"UnauthorizedError: jwt malformed\n    at new UnauthorizedError (D:\\Users\\jiang\\Desktop\\27Framework\\backend-node.js\\backend\\node_modules\\express-jwt\\dist\\errors\\UnauthorizedError.js:22:28)\n    at D:\\Users\\jiang\\Desktop\\27Framework\\backend-node.js\\backend\\node_modules\\express-jwt\\dist\\index.js:140:38\n    at step (D:\\Users\\jiang\\Desktop\\27Framework\\backend-node.js\\backend\\node_modules\\express-jwt\\dist\\index.js:33:23)\n    at Object.next (D:\\Users\\jiang\\Desktop\\27Framework\\backend-node.js\\backend\\node_modules\\express-jwt\\dist\\index.js:14:53)\n    at fulfilled (D:\\Users\\jiang\\Desktop\\27Framework\\backend-node.js\\backend\\node_modules\\express-jwt\\dist\\index.js:5:58)\n    at process.processTicksAndRejections (node:internal/process/task_queues:95:5)","status":401}
{"code":"invalid_token","inner":{"message":"jwt malformed","name":"JsonWebTokenError"},"level":"error","message":"global errorhandling jwt malformed","name":"UnauthorizedError","stack":"UnauthorizedError: jwt malformed\n    at new UnauthorizedError (D:\\Users\\jiang\\Desktop\\27Framework\\backend-node.js\\backend\\node_modules\\express-jwt\\dist\\errors\\UnauthorizedError.js:22:28)\n    at D:\\Users\\jiang\\Desktop\\27Framework\\backend-node.js\\backend\\node_modules\\express-jwt\\dist\\index.js:140:38\n    at step (D:\\Users\\jiang\\Desktop\\27Framework\\backend-node.js\\backend\\node_modules\\express-jwt\\dist\\index.js:33:23)\n    at Object.next (D:\\Users\\jiang\\Desktop\\27Framework\\backend-node.js\\backend\\node_modules\\express-jwt\\dist\\index.js:14:53)\n    at fulfilled (D:\\Users\\jiang\\Desktop\\27Framework\\backend-node.js\\backend\\node_modules\\express-jwt\\dist\\index.js:5:58)","status":401}
{"code":"invalid_token","inner":{"message":"jwt malformed","name":"JsonWebTokenError"},"level":"error","message":"global errorhandling jwt malformed","name":"UnauthorizedError","stack":"UnauthorizedError: jwt malformed\n    at new UnauthorizedError (D:\\Users\\jiang\\Desktop\\27Framework\\backend-node.js\\backend\\node_modules\\express-jwt\\dist\\errors\\UnauthorizedError.js:22:28)\n    at D:\\Users\\jiang\\Desktop\\27Framework\\backend-node.js\\backend\\node_modules\\express-jwt\\dist\\index.js:140:38\n    at step (D:\\Users\\jiang\\Desktop\\27Framework\\backend-node.js\\backend\\node_modules\\express-jwt\\dist\\index.js:33:23)\n    at Object.next (D:\\Users\\jiang\\Desktop\\27Framework\\backend-node.js\\backend\\node_modules\\express-jwt\\dist\\index.js:14:53)\n    at fulfilled (D:\\Users\\jiang\\Desktop\\27Framework\\backend-node.js\\backend\\node_modules\\express-jwt\\dist\\index.js:5:58)","status":401}
{"code":"invalid_token","inner":{"message":"jwt malformed","name":"JsonWebTokenError"},"level":"error","message":"global errorhandling jwt malformed","name":"UnauthorizedError","stack":"UnauthorizedError: jwt malformed\n    at new UnauthorizedError (D:\\Users\\jiang\\Desktop\\27Framework\\backend-node.js\\backend\\node_modules\\express-jwt\\dist\\errors\\UnauthorizedError.js:22:28)\n    at D:\\Users\\jiang\\Desktop\\27Framework\\backend-node.js\\backend\\node_modules\\express-jwt\\dist\\index.js:140:38\n    at step (D:\\Users\\jiang\\Desktop\\27Framework\\backend-node.js\\backend\\node_modules\\express-jwt\\dist\\index.js:33:23)\n    at Object.next (D:\\Users\\jiang\\Desktop\\27Framework\\backend-node.js\\backend\\node_modules\\express-jwt\\dist\\index.js:14:53)\n    at fulfilled (D:\\Users\\jiang\\Desktop\\27Framework\\backend-node.js\\backend\\node_modules\\express-jwt\\dist\\index.js:5:58)","status":401}
{"code":"invalid_token","inner":{"message":"jwt malformed","name":"JsonWebTokenError"},"level":"error","message":"global errorhandling jwt malformed","name":"UnauthorizedError","stack":"UnauthorizedError: jwt malformed\n    at new UnauthorizedError (D:\\Users\\jiang\\Desktop\\27Framework\\backend-node.js\\backend\\node_modules\\express-jwt\\dist\\errors\\UnauthorizedError.js:22:28)\n    at D:\\Users\\jiang\\Desktop\\27Framework\\backend-node.js\\backend\\node_modules\\express-jwt\\dist\\index.js:140:38\n    at step (D:\\Users\\jiang\\Desktop\\27Framework\\backend-node.js\\backend\\node_modules\\express-jwt\\dist\\index.js:33:23)\n    at Object.next (D:\\Users\\jiang\\Desktop\\27Framework\\backend-node.js\\backend\\node_modules\\express-jwt\\dist\\index.js:14:53)\n    at fulfilled (D:\\Users\\jiang\\Desktop\\27Framework\\backend-node.js\\backend\\node_modules\\express-jwt\\dist\\index.js:5:58)\n    at process.processTicksAndRejections (node:internal/process/task_queues:95:5)","status":401}
{"code":"invalid_token","inner":{"message":"jwt malformed","name":"JsonWebTokenError"},"level":"error","message":"global errorhandling jwt malformed","name":"UnauthorizedError","stack":"UnauthorizedError: jwt malformed\n    at new UnauthorizedError (D:\\Users\\jiang\\Desktop\\27Framework\\backend-node.js\\backend\\node_modules\\express-jwt\\dist\\errors\\UnauthorizedError.js:22:28)\n    at D:\\Users\\jiang\\Desktop\\27Framework\\backend-node.js\\backend\\node_modules\\express-jwt\\dist\\index.js:140:38\n    at step (D:\\Users\\jiang\\Desktop\\27Framework\\backend-node.js\\backend\\node_modules\\express-jwt\\dist\\index.js:33:23)\n    at Object.next (D:\\Users\\jiang\\Desktop\\27Framework\\backend-node.js\\backend\\node_modules\\express-jwt\\dist\\index.js:14:53)\n    at fulfilled (D:\\Users\\jiang\\Desktop\\27Framework\\backend-node.js\\backend\\node_modules\\express-jwt\\dist\\index.js:5:58)","status":401}
{"code":"invalid_token","inner":{"message":"jwt malformed","name":"JsonWebTokenError"},"level":"error","message":"global errorhandling jwt malformed","name":"UnauthorizedError","stack":"UnauthorizedError: jwt malformed\n    at new UnauthorizedError (D:\\Users\\jiang\\Desktop\\27Framework\\backend-node.js\\backend\\node_modules\\express-jwt\\dist\\errors\\UnauthorizedError.js:22:28)\n    at D:\\Users\\jiang\\Desktop\\27Framework\\backend-node.js\\backend\\node_modules\\express-jwt\\dist\\index.js:140:38\n    at step (D:\\Users\\jiang\\Desktop\\27Framework\\backend-node.js\\backend\\node_modules\\express-jwt\\dist\\index.js:33:23)\n    at Object.next (D:\\Users\\jiang\\Desktop\\27Framework\\backend-node.js\\backend\\node_modules\\express-jwt\\dist\\index.js:14:53)\n    at fulfilled (D:\\Users\\jiang\\Desktop\\27Framework\\backend-node.js\\backend\\node_modules\\express-jwt\\dist\\index.js:5:58)","status":401}
{"code":"invalid_token","inner":{"message":"jwt malformed","name":"JsonWebTokenError"},"level":"error","message":"global errorhandling jwt malformed","name":"UnauthorizedError","stack":"UnauthorizedError: jwt malformed\n    at new UnauthorizedError (D:\\Users\\jiang\\Desktop\\27Framework\\backend-node.js\\backend\\node_modules\\express-jwt\\dist\\errors\\UnauthorizedError.js:22:28)\n    at D:\\Users\\jiang\\Desktop\\27Framework\\backend-node.js\\backend\\node_modules\\express-jwt\\dist\\index.js:140:38\n    at step (D:\\Users\\jiang\\Desktop\\27Framework\\backend-node.js\\backend\\node_modules\\express-jwt\\dist\\index.js:33:23)\n    at Object.next (D:\\Users\\jiang\\Desktop\\27Framework\\backend-node.js\\backend\\node_modules\\express-jwt\\dist\\index.js:14:53)\n    at fulfilled (D:\\Users\\jiang\\Desktop\\27Framework\\backend-node.js\\backend\\node_modules\\express-jwt\\dist\\index.js:5:58)","status":401}
{"code":"invalid_token","inner":{"message":"jwt malformed","name":"JsonWebTokenError"},"level":"error","message":"global errorhandling jwt malformed","name":"UnauthorizedError","stack":"UnauthorizedError: jwt malformed\n    at new UnauthorizedError (D:\\Users\\jiang\\Desktop\\27Framework\\backend-node.js\\backend\\node_modules\\express-jwt\\dist\\errors\\UnauthorizedError.js:22:28)\n    at D:\\Users\\jiang\\Desktop\\27Framework\\backend-node.js\\backend\\node_modules\\express-jwt\\dist\\index.js:140:38\n    at step (D:\\Users\\jiang\\Desktop\\27Framework\\backend-node.js\\backend\\node_modules\\express-jwt\\dist\\index.js:33:23)\n    at Object.next (D:\\Users\\jiang\\Desktop\\27Framework\\backend-node.js\\backend\\node_modules\\express-jwt\\dist\\index.js:14:53)\n    at fulfilled (D:\\Users\\jiang\\Desktop\\27Framework\\backend-node.js\\backend\\node_modules\\express-jwt\\dist\\index.js:5:58)\n    at process.processTicksAndRejections (node:internal/process/task_queues:95:5)","status":401}
{"code":"invalid_token","inner":{"message":"jwt malformed","name":"JsonWebTokenError"},"level":"error","message":"global errorhandling jwt malformed","name":"UnauthorizedError","stack":"UnauthorizedError: jwt malformed\n    at new UnauthorizedError (D:\\Users\\jiang\\Desktop\\27Framework\\backend-node.js\\backend\\node_modules\\express-jwt\\dist\\errors\\UnauthorizedError.js:22:28)\n    at D:\\Users\\jiang\\Desktop\\27Framework\\backend-node.js\\backend\\node_modules\\express-jwt\\dist\\index.js:140:38\n    at step (D:\\Users\\jiang\\Desktop\\27Framework\\backend-node.js\\backend\\node_modules\\express-jwt\\dist\\index.js:33:23)\n    at Object.next (D:\\Users\\jiang\\Desktop\\27Framework\\backend-node.js\\backend\\node_modules\\express-jwt\\dist\\index.js:14:53)\n    at fulfilled (D:\\Users\\jiang\\Desktop\\27Framework\\backend-node.js\\backend\\node_modules\\express-jwt\\dist\\index.js:5:58)","status":401}
{"code":"invalid_token","inner":{"message":"jwt malformed","name":"JsonWebTokenError"},"level":"error","message":"global errorhandling jwt malformed","name":"UnauthorizedError","stack":"UnauthorizedError: jwt malformed\n    at new UnauthorizedError (D:\\Users\\jiang\\Desktop\\27Framework\\backend-node.js\\backend\\node_modules\\express-jwt\\dist\\errors\\UnauthorizedError.js:22:28)\n    at D:\\Users\\jiang\\Desktop\\27Framework\\backend-node.js\\backend\\node_modules\\express-jwt\\dist\\index.js:140:38\n    at step (D:\\Users\\jiang\\Desktop\\27Framework\\backend-node.js\\backend\\node_modules\\express-jwt\\dist\\index.js:33:23)\n    at Object.next (D:\\Users\\jiang\\Desktop\\27Framework\\backend-node.js\\backend\\node_modules\\express-jwt\\dist\\index.js:14:53)\n    at fulfilled (D:\\Users\\jiang\\Desktop\\27Framework\\backend-node.js\\backend\\node_modules\\express-jwt\\dist\\index.js:5:58)","status":401}
{"code":"invalid_token","inner":{"message":"jwt malformed","name":"JsonWebTokenError"},"level":"error","message":"global errorhandling jwt malformed","name":"UnauthorizedError","stack":"UnauthorizedError: jwt malformed\n    at new UnauthorizedError (D:\\Users\\jiang\\Desktop\\27Framework\\backend-node.js\\backend\\node_modules\\express-jwt\\dist\\errors\\UnauthorizedError.js:22:28)\n    at D:\\Users\\jiang\\Desktop\\27Framework\\backend-node.js\\backend\\node_modules\\express-jwt\\dist\\index.js:140:38\n    at step (D:\\Users\\jiang\\Desktop\\27Framework\\backend-node.js\\backend\\node_modules\\express-jwt\\dist\\index.js:33:23)\n    at Object.next (D:\\Users\\jiang\\Desktop\\27Framework\\backend-node.js\\backend\\node_modules\\express-jwt\\dist\\index.js:14:53)\n    at fulfilled (D:\\Users\\jiang\\Desktop\\27Framework\\backend-node.js\\backend\\node_modules\\express-jwt\\dist\\index.js:5:58)","status":401}
{"code":"invalid_token","inner":{"message":"jwt malformed","name":"JsonWebTokenError"},"level":"error","message":"global errorhandling jwt malformed","name":"UnauthorizedError","stack":"UnauthorizedError: jwt malformed\n    at new UnauthorizedError (D:\\Users\\jiang\\Desktop\\27Framework\\backend-node.js\\backend\\node_modules\\express-jwt\\dist\\errors\\UnauthorizedError.js:22:28)\n    at D:\\Users\\jiang\\Desktop\\27Framework\\backend-node.js\\backend\\node_modules\\express-jwt\\dist\\index.js:140:38\n    at step (D:\\Users\\jiang\\Desktop\\27Framework\\backend-node.js\\backend\\node_modules\\express-jwt\\dist\\index.js:33:23)\n    at Object.next (D:\\Users\\jiang\\Desktop\\27Framework\\backend-node.js\\backend\\node_modules\\express-jwt\\dist\\index.js:14:53)\n    at fulfilled (D:\\Users\\jiang\\Desktop\\27Framework\\backend-node.js\\backend\\node_modules\\express-jwt\\dist\\index.js:5:58)\n    at process.processTicksAndRejections (node:internal/process/task_queues:95:5)","status":401}
{"code":"credentials_required","inner":{"message":"No authorization token was found"},"level":"error","message":"global errorhandling No authorization token was found","name":"UnauthorizedError","stack":"UnauthorizedError: No authorization token was found\n    at new UnauthorizedError (K:\\nodejs bk\\backend-node.js\\backend-node.js\\backend\\node_modules\\express-jwt\\dist\\errors\\UnauthorizedError.js:22:28)\n    at K:\\nodejs bk\\backend-node.js\\backend-node.js\\backend\\node_modules\\express-jwt\\dist\\index.js:115:39\n    at step (K:\\nodejs bk\\backend-node.js\\backend-node.js\\backend\\node_modules\\express-jwt\\dist\\index.js:33:23)\n    at Object.next (K:\\nodejs bk\\backend-node.js\\backend-node.js\\backend\\node_modules\\express-jwt\\dist\\index.js:14:53)\n    at K:\\nodejs bk\\backend-node.js\\backend-node.js\\backend\\node_modules\\express-jwt\\dist\\index.js:8:71\n    at new Promise (<anonymous>)\n    at __awaiter (K:\\nodejs bk\\backend-node.js\\backend-node.js\\backend\\node_modules\\express-jwt\\dist\\index.js:4:12)\n    at middleware (K:\\nodejs bk\\backend-node.js\\backend-node.js\\backend\\node_modules\\express-jwt\\dist\\index.js:67:16)\n    at K:\\nodejs bk\\backend-node.js\\backend-node.js\\backend\\node_modules\\express-unless\\dist\\index.js:52:13\n    at Generator.next (<anonymous>)","status":401}
{"level":"error","message":"global errorhandling demo not exists","name":"EntityNotFoundException","stack":"EntityNotFoundException: demo not exists\n    at Object.getByIdAsync (K:\\nodejs bk\\backend-node.js\\backend-node.js\\backend\\service\\demoservice.js:165:11)\n    at process.processTicksAndRejections (node:internal/process/task_queues:95:5)\n    at async getByIdAsync (K:\\nodejs bk\\backend-node.js\\backend-node.js\\backend\\controller\\democontroller.js:90:16)","statusCode":404}
{"level":"error","message":"global errorhandling demo not exists","name":"EntityNotFoundException","stack":"EntityNotFoundException: demo not exists\n    at Object.getByIdAsync (K:\\nodejs bk\\backend-node.js\\backend-node.js\\backend\\service\\demoservice.js:165:11)\n    at process.processTicksAndRejections (node:internal/process/task_queues:95:5)\n    at async getByIdAsync (K:\\nodejs bk\\backend-node.js\\backend-node.js\\backend\\controller\\democontroller.js:90:16)","statusCode":404}
{"level":"error","message":"global errorhandling demo not exists","name":"EntityNotFoundException","stack":"EntityNotFoundException: demo not exists\n    at Object.getByIdAsync (K:\\nodejs bk\\backend-node.js\\backend-node.js\\backend\\service\\demoservice.js:165:11)\n    at process.processTicksAndRejections (node:internal/process/task_queues:95:5)\n    at async getByIdAsync (K:\\nodejs bk\\backend-node.js\\backend-node.js\\backend\\controller\\democontroller.js:90:16)","statusCode":404}
{"level":"error","message":"global errorhandling demo not exists","name":"EntityNotFoundException","stack":"EntityNotFoundException: demo not exists\n    at Object.getByIdAsync (K:\\nodejs bk\\backend-node.js\\backend-node.js\\backend\\service\\demoservice.js:165:11)\n    at process.processTicksAndRejections (node:internal/process/task_queues:95:5)\n    at async getByIdAsync (K:\\nodejs bk\\backend-node.js\\backend-node.js\\backend\\controller\\democontroller.js:90:16)","statusCode":404}
{"level":"error","message":"global errorhandling demo not exists","name":"EntityNotFoundException","stack":"EntityNotFoundException: demo not exists\n    at Object.getByIdAsync (K:\\nodejs bk\\backend-node.js\\backend-node.js\\backend\\service\\demoservice.js:165:11)\n    at process.processTicksAndRejections (node:internal/process/task_queues:95:5)\n    at async getByIdAsync (K:\\nodejs bk\\backend-node.js\\backend-node.js\\backend\\controller\\democontroller.js:90:16)","statusCode":404}
{"level":"error","message":"global errorhandling demo not exists","name":"EntityNotFoundException","stack":"EntityNotFoundException: demo not exists\n    at Object.getByIdAsync (K:\\nodejs bk\\backend-node.js\\backend-node.js\\backend\\service\\demoservice.js:165:11)\n    at process.processTicksAndRejections (node:internal/process/task_queues:95:5)\n    at async getByIdAsync (K:\\nodejs bk\\backend-node.js\\backend-node.js\\backend\\controller\\democontroller.js:90:16)","statusCode":404}
{"level":"error","message":"global errorhandling You have an error in your SQL syntax; check the manual that corresponds to your MySQL server version for the right syntax to use near ''10'' at line 1","name":"SequelizeDatabaseError","original":{"code":"ER_PARSE_ERROR","errno":1064,"sql":"SELECT `id`, `title`, `mark`, `count`, `acitve`, `dataTime` FROM `Demo` AS `Demo` ORDER BY `Demo`.`id` ASC LIMIT 0, '10';","sqlMessage":"You have an error in your SQL syntax; check the manual that corresponds to your MySQL server version for the right syntax to use near ''10'' at line 1","sqlState":"42000"},"parameters":{},"parent":{"code":"ER_PARSE_ERROR","errno":1064,"sql":"SELECT `id`, `title`, `mark`, `count`, `acitve`, `dataTime` FROM `Demo` AS `Demo` ORDER BY `Demo`.`id` ASC LIMIT 0, '10';","sqlMessage":"You have an error in your SQL syntax; check the manual that corresponds to your MySQL server version for the right syntax to use near ''10'' at line 1","sqlState":"42000"},"sql":"SELECT `id`, `title`, `mark`, `count`, `acitve`, `dataTime` FROM `Demo` AS `Demo` ORDER BY `Demo`.`id` ASC LIMIT 0, '10';","stack":"Error\n    at Query.run (K:\\nodejs bk\\backend-node.js\\backend-node.js\\backend\\node_modules\\sequelize\\lib\\dialects\\mysql\\query.js:52:25)\n    at K:\\nodejs bk\\backend-node.js\\backend-node.js\\backend\\node_modules\\sequelize\\lib\\sequelize.js:315:28\n    at process.processTicksAndRejections (node:internal/process/task_queues:95:5)\n    at async MySQLQueryInterface.select (K:\\nodejs bk\\backend-node.js\\backend-node.js\\backend\\node_modules\\sequelize\\lib\\dialects\\abstract\\query-interface.js:407:12)\n    at async Demo.findAll (K:\\nodejs bk\\backend-node.js\\backend-node.js\\backend\\node_modules\\sequelize\\lib\\model.js:1140:21)\n    at async Promise.all (index 1)\n    at async Demo.findAndCountAll (K:\\nodejs bk\\backend-node.js\\backend-node.js\\backend\\node_modules\\sequelize\\lib\\model.js:1322:27)\n    at async Object.pageAsync (K:\\nodejs bk\\backend-node.js\\backend-node.js\\backend\\service\\demoservice.js:138:27)\n    at async getPageAsync (K:\\nodejs bk\\backend-node.js\\backend-node.js\\backend\\controller\\democontroller.js:82:16)"}
{"level":"error","message":"global errorhandling You have an error in your SQL syntax; check the manual that corresponds to your MySQL server version for the right syntax to use near ''10'' at line 1","name":"SequelizeDatabaseError","original":{"code":"ER_PARSE_ERROR","errno":1064,"sql":"SELECT `id`, `title`, `mark`, `count`, `acitve`, `dataTime` FROM `Demo` AS `Demo` ORDER BY `Demo`.`id` ASC LIMIT 0, '10';","sqlMessage":"You have an error in your SQL syntax; check the manual that corresponds to your MySQL server version for the right syntax to use near ''10'' at line 1","sqlState":"42000"},"parameters":{},"parent":{"code":"ER_PARSE_ERROR","errno":1064,"sql":"SELECT `id`, `title`, `mark`, `count`, `acitve`, `dataTime` FROM `Demo` AS `Demo` ORDER BY `Demo`.`id` ASC LIMIT 0, '10';","sqlMessage":"You have an error in your SQL syntax; check the manual that corresponds to your MySQL server version for the right syntax to use near ''10'' at line 1","sqlState":"42000"},"sql":"SELECT `id`, `title`, `mark`, `count`, `acitve`, `dataTime` FROM `Demo` AS `Demo` ORDER BY `Demo`.`id` ASC LIMIT 0, '10';","stack":"Error\n    at Query.run (K:\\nodejs bk\\backend-node.js\\backend-node.js\\backend\\node_modules\\sequelize\\lib\\dialects\\mysql\\query.js:52:25)\n    at K:\\nodejs bk\\backend-node.js\\backend-node.js\\backend\\node_modules\\sequelize\\lib\\sequelize.js:315:28\n    at process.processTicksAndRejections (node:internal/process/task_queues:95:5)\n    at async MySQLQueryInterface.select (K:\\nodejs bk\\backend-node.js\\backend-node.js\\backend\\node_modules\\sequelize\\lib\\dialects\\abstract\\query-interface.js:407:12)\n    at async Demo.findAll (K:\\nodejs bk\\backend-node.js\\backend-node.js\\backend\\node_modules\\sequelize\\lib\\model.js:1140:21)\n    at async Promise.all (index 1)\n    at async Demo.findAndCountAll (K:\\nodejs bk\\backend-node.js\\backend-node.js\\backend\\node_modules\\sequelize\\lib\\model.js:1322:27)\n    at async Object.pageAsync (K:\\nodejs bk\\backend-node.js\\backend-node.js\\backend\\service\\demoservice.js:138:27)\n    at async getPageAsync (K:\\nodejs bk\\backend-node.js\\backend-node.js\\backend\\controller\\democontroller.js:82:16)"}
{"level":"error","message":"global errorhandling You have an error in your SQL syntax; check the manual that corresponds to your MySQL server version for the right syntax to use near ''10'' at line 1","name":"SequelizeDatabaseError","original":{"code":"ER_PARSE_ERROR","errno":1064,"sql":"SELECT `id`, `title`, `mark`, `count`, `acitve`, `dataTime` FROM `Demo` AS `Demo` ORDER BY `Demo`.`id` ASC LIMIT 0, '10';","sqlMessage":"You have an error in your SQL syntax; check the manual that corresponds to your MySQL server version for the right syntax to use near ''10'' at line 1","sqlState":"42000"},"parameters":{},"parent":{"code":"ER_PARSE_ERROR","errno":1064,"sql":"SELECT `id`, `title`, `mark`, `count`, `acitve`, `dataTime` FROM `Demo` AS `Demo` ORDER BY `Demo`.`id` ASC LIMIT 0, '10';","sqlMessage":"You have an error in your SQL syntax; check the manual that corresponds to your MySQL server version for the right syntax to use near ''10'' at line 1","sqlState":"42000"},"sql":"SELECT `id`, `title`, `mark`, `count`, `acitve`, `dataTime` FROM `Demo` AS `Demo` ORDER BY `Demo`.`id` ASC LIMIT 0, '10';","stack":"Error\n    at Query.run (K:\\nodejs bk\\backend-node.js\\backend-node.js\\backend\\node_modules\\sequelize\\lib\\dialects\\mysql\\query.js:52:25)\n    at K:\\nodejs bk\\backend-node.js\\backend-node.js\\backend\\node_modules\\sequelize\\lib\\sequelize.js:315:28\n    at process.processTicksAndRejections (node:internal/process/task_queues:95:5)\n    at async MySQLQueryInterface.select (K:\\nodejs bk\\backend-node.js\\backend-node.js\\backend\\node_modules\\sequelize\\lib\\dialects\\abstract\\query-interface.js:407:12)\n    at async Demo.findAll (K:\\nodejs bk\\backend-node.js\\backend-node.js\\backend\\node_modules\\sequelize\\lib\\model.js:1140:21)\n    at async Promise.all (index 1)\n    at async Demo.findAndCountAll (K:\\nodejs bk\\backend-node.js\\backend-node.js\\backend\\node_modules\\sequelize\\lib\\model.js:1322:27)\n    at async Object.pageAsync (K:\\nodejs bk\\backend-node.js\\backend-node.js\\backend\\service\\demoservice.js:138:27)\n    at async getPageAsync (K:\\nodejs bk\\backend-node.js\\backend-node.js\\backend\\controller\\democontroller.js:82:16)"}
{"code":"credentials_required","inner":{"message":"No authorization token was found"},"level":"error","message":"global errorhandling No authorization token was found","name":"UnauthorizedError","stack":"UnauthorizedError: No authorization token was found\n    at new UnauthorizedError (K:\\nodejs bk\\backend-node.js\\backend-node.js\\backend\\node_modules\\express-jwt\\dist\\errors\\UnauthorizedError.js:22:28)\n    at K:\\nodejs bk\\backend-node.js\\backend-node.js\\backend\\node_modules\\express-jwt\\dist\\index.js:115:39\n    at step (K:\\nodejs bk\\backend-node.js\\backend-node.js\\backend\\node_modules\\express-jwt\\dist\\index.js:33:23)\n    at Object.next (K:\\nodejs bk\\backend-node.js\\backend-node.js\\backend\\node_modules\\express-jwt\\dist\\index.js:14:53)\n    at K:\\nodejs bk\\backend-node.js\\backend-node.js\\backend\\node_modules\\express-jwt\\dist\\index.js:8:71\n    at new Promise (<anonymous>)\n    at __awaiter (K:\\nodejs bk\\backend-node.js\\backend-node.js\\backend\\node_modules\\express-jwt\\dist\\index.js:4:12)\n    at middleware (K:\\nodejs bk\\backend-node.js\\backend-node.js\\backend\\node_modules\\express-jwt\\dist\\index.js:67:16)\n    at K:\\nodejs bk\\backend-node.js\\backend-node.js\\backend\\node_modules\\express-unless\\dist\\index.js:52:13\n    at Generator.next (<anonymous>)","status":401}
{"code":"credentials_required","inner":{"message":"No authorization token was found"},"level":"error","message":"global errorhandling No authorization token was found","name":"UnauthorizedError","stack":"UnauthorizedError: No authorization token was found\n    at new UnauthorizedError (K:\\nodejs bk\\backend-node.js\\backend-node.js\\backend\\node_modules\\express-jwt\\dist\\errors\\UnauthorizedError.js:22:28)\n    at K:\\nodejs bk\\backend-node.js\\backend-node.js\\backend\\node_modules\\express-jwt\\dist\\index.js:115:39\n    at step (K:\\nodejs bk\\backend-node.js\\backend-node.js\\backend\\node_modules\\express-jwt\\dist\\index.js:33:23)\n    at Object.next (K:\\nodejs bk\\backend-node.js\\backend-node.js\\backend\\node_modules\\express-jwt\\dist\\index.js:14:53)\n    at K:\\nodejs bk\\backend-node.js\\backend-node.js\\backend\\node_modules\\express-jwt\\dist\\index.js:8:71\n    at new Promise (<anonymous>)\n    at __awaiter (K:\\nodejs bk\\backend-node.js\\backend-node.js\\backend\\node_modules\\express-jwt\\dist\\index.js:4:12)\n    at middleware (K:\\nodejs bk\\backend-node.js\\backend-node.js\\backend\\node_modules\\express-jwt\\dist\\index.js:67:16)\n    at K:\\nodejs bk\\backend-node.js\\backend-node.js\\backend\\node_modules\\express-unless\\dist\\index.js:52:13\n    at Generator.next (<anonymous>)","status":401}
{"level":"error","message":"global errorhandling You have an error in your SQL syntax; check the manual that corresponds to your MySQL server version for the right syntax to use near ''10'' at line 1","name":"SequelizeDatabaseError","original":{"code":"ER_PARSE_ERROR","errno":1064,"sql":"SELECT `id`, `title`, `mark`, `count`, `acitve`, `dataTime` FROM `Demo` AS `Demo` ORDER BY `Demo`.`id` ASC LIMIT 0, '10';","sqlMessage":"You have an error in your SQL syntax; check the manual that corresponds to your MySQL server version for the right syntax to use near ''10'' at line 1","sqlState":"42000"},"parameters":{},"parent":{"code":"ER_PARSE_ERROR","errno":1064,"sql":"SELECT `id`, `title`, `mark`, `count`, `acitve`, `dataTime` FROM `Demo` AS `Demo` ORDER BY `Demo`.`id` ASC LIMIT 0, '10';","sqlMessage":"You have an error in your SQL syntax; check the manual that corresponds to your MySQL server version for the right syntax to use near ''10'' at line 1","sqlState":"42000"},"sql":"SELECT `id`, `title`, `mark`, `count`, `acitve`, `dataTime` FROM `Demo` AS `Demo` ORDER BY `Demo`.`id` ASC LIMIT 0, '10';","stack":"Error\n    at Query.run (K:\\nodejs bk\\backend-node.js\\backend-node.js\\backend\\node_modules\\sequelize\\lib\\dialects\\mysql\\query.js:52:25)\n    at K:\\nodejs bk\\backend-node.js\\backend-node.js\\backend\\node_modules\\sequelize\\lib\\sequelize.js:315:28\n    at process.processTicksAndRejections (node:internal/process/task_queues:95:5)\n    at async MySQLQueryInterface.select (K:\\nodejs bk\\backend-node.js\\backend-node.js\\backend\\node_modules\\sequelize\\lib\\dialects\\abstract\\query-interface.js:407:12)\n    at async Demo.findAll (K:\\nodejs bk\\backend-node.js\\backend-node.js\\backend\\node_modules\\sequelize\\lib\\model.js:1140:21)\n    at async Promise.all (index 1)\n    at async Demo.findAndCountAll (K:\\nodejs bk\\backend-node.js\\backend-node.js\\backend\\node_modules\\sequelize\\lib\\model.js:1322:27)\n    at async Object.pageAsync (K:\\nodejs bk\\backend-node.js\\backend-node.js\\backend\\service\\demoservice.js:138:27)\n    at async getPageAsync (K:\\nodejs bk\\backend-node.js\\backend-node.js\\backend\\controller\\democontroller.js:82:16)"}
{"level":"error","message":"global errorhandling You have an error in your SQL syntax; check the manual that corresponds to your MySQL server version for the right syntax to use near ''10'' at line 1","name":"SequelizeDatabaseError","original":{"code":"ER_PARSE_ERROR","errno":1064,"sql":"SELECT `id`, `title`, `mark`, `count`, `acitve`, `dataTime` FROM `Demo` AS `Demo` ORDER BY `Demo`.`id` ASC LIMIT 0, '10';","sqlMessage":"You have an error in your SQL syntax; check the manual that corresponds to your MySQL server version for the right syntax to use near ''10'' at line 1","sqlState":"42000"},"parameters":{},"parent":{"code":"ER_PARSE_ERROR","errno":1064,"sql":"SELECT `id`, `title`, `mark`, `count`, `acitve`, `dataTime` FROM `Demo` AS `Demo` ORDER BY `Demo`.`id` ASC LIMIT 0, '10';","sqlMessage":"You have an error in your SQL syntax; check the manual that corresponds to your MySQL server version for the right syntax to use near ''10'' at line 1","sqlState":"42000"},"sql":"SELECT `id`, `title`, `mark`, `count`, `acitve`, `dataTime` FROM `Demo` AS `Demo` ORDER BY `Demo`.`id` ASC LIMIT 0, '10';","stack":"Error\n    at Query.run (K:\\nodejs bk\\backend-node.js\\backend-node.js\\backend\\node_modules\\sequelize\\lib\\dialects\\mysql\\query.js:52:25)\n    at K:\\nodejs bk\\backend-node.js\\backend-node.js\\backend\\node_modules\\sequelize\\lib\\sequelize.js:315:28\n    at process.processTicksAndRejections (node:internal/process/task_queues:95:5)\n    at async MySQLQueryInterface.select (K:\\nodejs bk\\backend-node.js\\backend-node.js\\backend\\node_modules\\sequelize\\lib\\dialects\\abstract\\query-interface.js:407:12)\n    at async Demo.findAll (K:\\nodejs bk\\backend-node.js\\backend-node.js\\backend\\node_modules\\sequelize\\lib\\model.js:1140:21)\n    at async Promise.all (index 1)\n    at async Demo.findAndCountAll (K:\\nodejs bk\\backend-node.js\\backend-node.js\\backend\\node_modules\\sequelize\\lib\\model.js:1322:27)\n    at async Object.pageAsync (K:\\nodejs bk\\backend-node.js\\backend-node.js\\backend\\service\\demoservice.js:138:27)\n    at async getPageAsync (K:\\nodejs bk\\backend-node.js\\backend-node.js\\backend\\controller\\democontroller.js:82:16)"}
{"level":"error","message":"global errorhandling You have an error in your SQL syntax; check the manual that corresponds to your MySQL server version for the right syntax to use near ''10'' at line 1","name":"SequelizeDatabaseError","original":{"code":"ER_PARSE_ERROR","errno":1064,"sql":"SELECT `id`, `title`, `mark`, `count`, `acitve`, `dataTime` FROM `Demo` AS `Demo` ORDER BY `Demo`.`id` ASC LIMIT 0, '10';","sqlMessage":"You have an error in your SQL syntax; check the manual that corresponds to your MySQL server version for the right syntax to use near ''10'' at line 1","sqlState":"42000"},"parameters":{},"parent":{"code":"ER_PARSE_ERROR","errno":1064,"sql":"SELECT `id`, `title`, `mark`, `count`, `acitve`, `dataTime` FROM `Demo` AS `Demo` ORDER BY `Demo`.`id` ASC LIMIT 0, '10';","sqlMessage":"You have an error in your SQL syntax; check the manual that corresponds to your MySQL server version for the right syntax to use near ''10'' at line 1","sqlState":"42000"},"sql":"SELECT `id`, `title`, `mark`, `count`, `acitve`, `dataTime` FROM `Demo` AS `Demo` ORDER BY `Demo`.`id` ASC LIMIT 0, '10';","stack":"Error\n    at Query.run (K:\\nodejs bk\\backend-node.js\\backend-node.js\\backend\\node_modules\\sequelize\\lib\\dialects\\mysql\\query.js:52:25)\n    at K:\\nodejs bk\\backend-node.js\\backend-node.js\\backend\\node_modules\\sequelize\\lib\\sequelize.js:315:28\n    at async MySQLQueryInterface.select (K:\\nodejs bk\\backend-node.js\\backend-node.js\\backend\\node_modules\\sequelize\\lib\\dialects\\abstract\\query-interface.js:407:12)\n    at async Demo.findAll (K:\\nodejs bk\\backend-node.js\\backend-node.js\\backend\\node_modules\\sequelize\\lib\\model.js:1140:21)\n    at async Promise.all (index 1)\n    at async Demo.findAndCountAll (K:\\nodejs bk\\backend-node.js\\backend-node.js\\backend\\node_modules\\sequelize\\lib\\model.js:1322:27)\n    at async Object.pageAsync (K:\\nodejs bk\\backend-node.js\\backend-node.js\\backend\\service\\demoservice.js:138:27)\n    at async getPageAsync (K:\\nodejs bk\\backend-node.js\\backend-node.js\\backend\\controller\\democontroller.js:82:16)"}
{"level":"error","message":"global errorhandling Assignment to constant variable.","stack":"TypeError: Assignment to constant variable.\n    at getPageAsync (K:\\nodejs bk\\backend-node.js\\backend-node.js\\backend\\controller\\democontroller.js:80:8)\n    at Layer.handleRequest (K:\\nodejs bk\\backend-node.js\\backend-node.js\\backend\\node_modules\\router\\lib\\layer.js:152:17)\n    at next (K:\\nodejs bk\\backend-node.js\\backend-node.js\\backend\\node_modules\\router\\lib\\route.js:157:13)\n    at K:\\nodejs bk\\backend-node.js\\backend-node.js\\backend\\middleware\\expressValidator.js:12:14"}
{"level":"error","message":"global errorhandling Assignment to constant variable.","stack":"TypeError: Assignment to constant variable.\n    at getPageAsync (K:\\nodejs bk\\backend-node.js\\backend-node.js\\backend\\controller\\democontroller.js:80:8)\n    at Layer.handleRequest (K:\\nodejs bk\\backend-node.js\\backend-node.js\\backend\\node_modules\\router\\lib\\layer.js:152:17)\n    at next (K:\\nodejs bk\\backend-node.js\\backend-node.js\\backend\\node_modules\\router\\lib\\route.js:157:13)\n    at K:\\nodejs bk\\backend-node.js\\backend-node.js\\backend\\middleware\\expressValidator.js:12:14"}
{"level":"error","message":"global errorhandling Assignment to constant variable.","stack":"TypeError: Assignment to constant variable.\n    at getPageAsync (K:\\nodejs bk\\backend-node.js\\backend-node.js\\backend\\controller\\democontroller.js:80:8)\n    at Layer.handleRequest (K:\\nodejs bk\\backend-node.js\\backend-node.js\\backend\\node_modules\\router\\lib\\layer.js:152:17)\n    at next (K:\\nodejs bk\\backend-node.js\\backend-node.js\\backend\\node_modules\\router\\lib\\route.js:157:13)\n    at K:\\nodejs bk\\backend-node.js\\backend-node.js\\backend\\middleware\\expressValidator.js:12:14"}
{"level":"error","message":"global errorhandling Assignment to constant variable.","stack":"TypeError: Assignment to constant variable.\n    at getPageAsync (K:\\nodejs bk\\backend-node.js\\backend-node.js\\backend\\controller\\democontroller.js:80:8)\n    at Layer.handleRequest (K:\\nodejs bk\\backend-node.js\\backend-node.js\\backend\\node_modules\\router\\lib\\layer.js:152:17)\n    at next (K:\\nodejs bk\\backend-node.js\\backend-node.js\\backend\\node_modules\\router\\lib\\route.js:157:13)\n    at K:\\nodejs bk\\backend-node.js\\backend-node.js\\backend\\middleware\\expressValidator.js:12:14"}
{"level":"error","message":"global errorhandling Assignment to constant variable.","stack":"TypeError: Assignment to constant variable.\n    at getPageAsync (K:\\nodejs bk\\backend-node.js\\backend-node.js\\backend\\controller\\democontroller.js:80:8)\n    at Layer.handleRequest (K:\\nodejs bk\\backend-node.js\\backend-node.js\\backend\\node_modules\\router\\lib\\layer.js:152:17)\n    at next (K:\\nodejs bk\\backend-node.js\\backend-node.js\\backend\\node_modules\\router\\lib\\route.js:157:13)\n    at K:\\nodejs bk\\backend-node.js\\backend-node.js\\backend\\middleware\\expressValidator.js:12:14"}
{"level":"error","message":"global errorhandling Assignment to constant variable.","stack":"TypeError: Assignment to constant variable.\n    at getPageAsync (K:\\nodejs bk\\backend-node.js\\backend-node.js\\backend\\controller\\democontroller.js:80:8)\n    at Layer.handleRequest (K:\\nodejs bk\\backend-node.js\\backend-node.js\\backend\\node_modules\\router\\lib\\layer.js:152:17)\n    at next (K:\\nodejs bk\\backend-node.js\\backend-node.js\\backend\\node_modules\\router\\lib\\route.js:157:13)\n    at K:\\nodejs bk\\backend-node.js\\backend-node.js\\backend\\middleware\\expressValidator.js:12:14"}
{"level":"error","message":"global errorhandling Assignment to constant variable.","stack":"TypeError: Assignment to constant variable.\n    at getPageAsync (K:\\nodejs bk\\backend-node.js\\backend-node.js\\backend\\controller\\democontroller.js:81:8)\n    at Layer.handleRequest (K:\\nodejs bk\\backend-node.js\\backend-node.js\\backend\\node_modules\\router\\lib\\layer.js:152:17)\n    at next (K:\\nodejs bk\\backend-node.js\\backend-node.js\\backend\\node_modules\\router\\lib\\route.js:157:13)\n    at K:\\nodejs bk\\backend-node.js\\backend-node.js\\backend\\middleware\\expressValidator.js:12:14"}
{"level":"error","message":"global errorhandling Assignment to constant variable.","stack":"TypeError: Assignment to constant variable.\n    at getPageAsync (K:\\nodejs bk\\backend-node.js\\backend-node.js\\backend\\controller\\democontroller.js:81:8)\n    at Layer.handleRequest (K:\\nodejs bk\\backend-node.js\\backend-node.js\\backend\\node_modules\\router\\lib\\layer.js:152:17)\n    at next (K:\\nodejs bk\\backend-node.js\\backend-node.js\\backend\\node_modules\\router\\lib\\route.js:157:13)\n    at K:\\nodejs bk\\backend-node.js\\backend-node.js\\backend\\middleware\\expressValidator.js:12:14"}
{"level":"error","message":"global errorhandling Assignment to constant variable.","stack":"TypeError: Assignment to constant variable.\n    at getPageAsync (K:\\nodejs bk\\backend-node.js\\backend-node.js\\backend\\controller\\democontroller.js:81:8)\n    at Layer.handleRequest (K:\\nodejs bk\\backend-node.js\\backend-node.js\\backend\\node_modules\\router\\lib\\layer.js:152:17)\n    at next (K:\\nodejs bk\\backend-node.js\\backend-node.js\\backend\\node_modules\\router\\lib\\route.js:157:13)\n    at K:\\nodejs bk\\backend-node.js\\backend-node.js\\backend\\middleware\\expressValidator.js:12:14"}
{"level":"error","message":"global errorhandling Assignment to constant variable.","stack":"TypeError: Assignment to constant variable.\n    at getPageAsync (K:\\nodejs bk\\backend-node.js\\backend-node.js\\backend\\controller\\democontroller.js:81:8)\n    at Layer.handleRequest (K:\\nodejs bk\\backend-node.js\\backend-node.js\\backend\\node_modules\\router\\lib\\layer.js:152:17)\n    at next (K:\\nodejs bk\\backend-node.js\\backend-node.js\\backend\\node_modules\\router\\lib\\route.js:157:13)\n    at K:\\nodejs bk\\backend-node.js\\backend-node.js\\backend\\middleware\\expressValidator.js:12:14"}
{"level":"error","message":"global errorhandling Assignment to constant variable.","stack":"TypeError: Assignment to constant variable.\n    at getPageAsync (K:\\nodejs bk\\backend-node.js\\backend-node.js\\backend\\controller\\democontroller.js:81:8)\n    at Layer.handleRequest (K:\\nodejs bk\\backend-node.js\\backend-node.js\\backend\\node_modules\\router\\lib\\layer.js:152:17)\n    at next (K:\\nodejs bk\\backend-node.js\\backend-node.js\\backend\\node_modules\\router\\lib\\route.js:157:13)\n    at K:\\nodejs bk\\backend-node.js\\backend-node.js\\backend\\middleware\\expressValidator.js:12:14"}
{"level":"error","message":"global errorhandling Assignment to constant variable.","stack":"TypeError: Assignment to constant variable.\n    at getPageAsync (K:\\nodejs bk\\backend-node.js\\backend-node.js\\backend\\controller\\democontroller.js:81:8)\n    at Layer.handleRequest (K:\\nodejs bk\\backend-node.js\\backend-node.js\\backend\\node_modules\\router\\lib\\layer.js:152:17)\n    at next (K:\\nodejs bk\\backend-node.js\\backend-node.js\\backend\\node_modules\\router\\lib\\route.js:157:13)\n    at K:\\nodejs bk\\backend-node.js\\backend-node.js\\backend\\middleware\\expressValidator.js:12:14"}
{"level":"error","message":"global errorhandling Assignment to constant variable.","stack":"TypeError: Assignment to constant variable.\n    at getPageAsync (K:\\nodejs bk\\backend-node.js\\backend-node.js\\backend\\controller\\democontroller.js:81:8)\n    at Layer.handleRequest (K:\\nodejs bk\\backend-node.js\\backend-node.js\\backend\\node_modules\\router\\lib\\layer.js:152:17)\n    at next (K:\\nodejs bk\\backend-node.js\\backend-node.js\\backend\\node_modules\\router\\lib\\route.js:157:13)\n    at K:\\nodejs bk\\backend-node.js\\backend-node.js\\backend\\middleware\\expressValidator.js:12:14"}
{"level":"error","message":"global errorhandling Assignment to constant variable.","stack":"TypeError: Assignment to constant variable.\n    at getPageAsync (K:\\nodejs bk\\backend-node.js\\backend-node.js\\backend\\controller\\democontroller.js:81:8)\n    at Layer.handleRequest (K:\\nodejs bk\\backend-node.js\\backend-node.js\\backend\\node_modules\\router\\lib\\layer.js:152:17)\n    at next (K:\\nodejs bk\\backend-node.js\\backend-node.js\\backend\\node_modules\\router\\lib\\route.js:157:13)\n    at K:\\nodejs bk\\backend-node.js\\backend-node.js\\backend\\middleware\\expressValidator.js:12:14"}
{"level":"error","message":"global errorhandling Assignment to constant variable.","stack":"TypeError: Assignment to constant variable.\n    at getPageAsync (K:\\nodejs bk\\backend-node.js\\backend-node.js\\backend\\controller\\democontroller.js:81:8)\n    at Layer.handleRequest (K:\\nodejs bk\\backend-node.js\\backend-node.js\\backend\\node_modules\\router\\lib\\layer.js:152:17)\n    at next (K:\\nodejs bk\\backend-node.js\\backend-node.js\\backend\\node_modules\\router\\lib\\route.js:157:13)\n    at K:\\nodejs bk\\backend-node.js\\backend-node.js\\backend\\middleware\\expressValidator.js:12:14"}
{"level":"error","message":"global errorhandling Assignment to constant variable.","stack":"TypeError: Assignment to constant variable.\n    at getPageAsync (K:\\nodejs bk\\backend-node.js\\backend-node.js\\backend\\controller\\democontroller.js:81:8)\n    at Layer.handleRequest (K:\\nodejs bk\\backend-node.js\\backend-node.js\\backend\\node_modules\\router\\lib\\layer.js:152:17)\n    at next (K:\\nodejs bk\\backend-node.js\\backend-node.js\\backend\\node_modules\\router\\lib\\route.js:157:13)\n    at K:\\nodejs bk\\backend-node.js\\backend-node.js\\backend\\middleware\\expressValidator.js:12:14"}
{"level":"error","message":"global errorhandling Assignment to constant variable.","stack":"TypeError: Assignment to constant variable.\n    at getPageAsync (K:\\nodejs bk\\backend-node.js\\backend-node.js\\backend\\controller\\democontroller.js:81:8)\n    at Layer.handleRequest (K:\\nodejs bk\\backend-node.js\\backend-node.js\\backend\\node_modules\\router\\lib\\layer.js:152:17)\n    at next (K:\\nodejs bk\\backend-node.js\\backend-node.js\\backend\\node_modules\\router\\lib\\route.js:157:13)\n    at K:\\nodejs bk\\backend-node.js\\backend-node.js\\backend\\middleware\\expressValidator.js:12:14"}
{"level":"error","message":"global errorhandling Assignment to constant variable.","stack":"TypeError: Assignment to constant variable.\n    at getPageAsync (K:\\nodejs bk\\backend-node.js\\backend-node.js\\backend\\controller\\democontroller.js:81:8)\n    at Layer.handleRequest (K:\\nodejs bk\\backend-node.js\\backend-node.js\\backend\\node_modules\\router\\lib\\layer.js:152:17)\n    at next (K:\\nodejs bk\\backend-node.js\\backend-node.js\\backend\\node_modules\\router\\lib\\route.js:157:13)\n    at K:\\nodejs bk\\backend-node.js\\backend-node.js\\backend\\middleware\\expressValidator.js:12:14"}
{"level":"error","message":"global errorhandling Assignment to constant variable.","stack":"TypeError: Assignment to constant variable.\n    at getPageAsync (K:\\nodejs bk\\backend-node.js\\backend-node.js\\backend\\controller\\democontroller.js:81:8)\n    at Layer.handleRequest (K:\\nodejs bk\\backend-node.js\\backend-node.js\\backend\\node_modules\\router\\lib\\layer.js:152:17)\n    at next (K:\\nodejs bk\\backend-node.js\\backend-node.js\\backend\\node_modules\\router\\lib\\route.js:157:13)\n    at K:\\nodejs bk\\backend-node.js\\backend-node.js\\backend\\middleware\\expressValidator.js:12:14"}
{"level":"error","message":"global errorhandling Assignment to constant variable.","stack":"TypeError: Assignment to constant variable.\n    at getPageAsync (K:\\nodejs bk\\backend-node.js\\backend-node.js\\backend\\controller\\democontroller.js:81:8)\n    at Layer.handleRequest (K:\\nodejs bk\\backend-node.js\\backend-node.js\\backend\\node_modules\\router\\lib\\layer.js:152:17)\n    at next (K:\\nodejs bk\\backend-node.js\\backend-node.js\\backend\\node_modules\\router\\lib\\route.js:157:13)\n    at K:\\nodejs bk\\backend-node.js\\backend-node.js\\backend\\middleware\\expressValidator.js:12:14"}
{"level":"error","message":"global errorhandling Assignment to constant variable.","stack":"TypeError: Assignment to constant variable.\n    at getPageAsync (K:\\nodejs bk\\backend-node.js\\backend-node.js\\backend\\controller\\democontroller.js:81:8)\n    at Layer.handleRequest (K:\\nodejs bk\\backend-node.js\\backend-node.js\\backend\\node_modules\\router\\lib\\layer.js:152:17)\n    at next (K:\\nodejs bk\\backend-node.js\\backend-node.js\\backend\\node_modules\\router\\lib\\route.js:157:13)\n    at K:\\nodejs bk\\backend-node.js\\backend-node.js\\backend\\middleware\\expressValidator.js:12:14"}
{"level":"error","message":"global errorhandling Assignment to constant variable.","stack":"TypeError: Assignment to constant variable.\n    at getPageAsync (K:\\nodejs bk\\backend-node.js\\backend-node.js\\backend\\controller\\democontroller.js:81:8)\n    at Layer.handleRequest (K:\\nodejs bk\\backend-node.js\\backend-node.js\\backend\\node_modules\\router\\lib\\layer.js:152:17)\n    at next (K:\\nodejs bk\\backend-node.js\\backend-node.js\\backend\\node_modules\\router\\lib\\route.js:157:13)\n    at K:\\nodejs bk\\backend-node.js\\backend-node.js\\backend\\middleware\\expressValidator.js:12:14"}
{"level":"error","message":"global errorhandling filter is not defined","stack":"ReferenceError: filter is not defined\n    at getPageAsync (K:\\nodejs bk\\backend-node.js\\backend-node.js\\backend\\controller\\democontroller.js:84:15)\n    at Layer.handleRequest (K:\\nodejs bk\\backend-node.js\\backend-node.js\\backend\\node_modules\\router\\lib\\layer.js:152:17)\n    at next (K:\\nodejs bk\\backend-node.js\\backend-node.js\\backend\\node_modules\\router\\lib\\route.js:157:13)\n    at K:\\nodejs bk\\backend-node.js\\backend-node.js\\backend\\middleware\\expressValidator.js:12:14"}
{"level":"error","message":"global errorhandling demo not exists","name":"EntityNotFoundException","stack":"EntityNotFoundException: demo not exists\n    at checkDemoExists (K:\\nodejs bk\\backend-node.js\\backend-node.js\\backend\\service\\demoservice.js:77:11)\n    at process.processTicksAndRejections (node:internal/process/task_queues:95:5)\n    at async Object.deleteAsync (K:\\nodejs bk\\backend-node.js\\backend-node.js\\backend\\service\\demoservice.js:154:3)\n    at async deleteAsync (K:\\nodejs bk\\backend-node.js\\backend-node.js\\backend\\controller\\democontroller.js:100:16)","statusCode":404}
