{"timestamp":"2025-12-14T02:00:15.012Z","level":"error","message":"global errorhandling No authorization token was found","stack":"UnauthorizedError: No authorization token was found\n    at new UnauthorizedError (D:\\Users\\jiang\\Desktop\\27Framework\\backend-node.js\\backend\\node_modules\\express-jwt\\dist\\errors\\UnauthorizedError.js:22:28)\n    at D:\\Users\\jiang\\Desktop\\27Framework\\backend-node.js\\backend\\node_modules\\express-jwt\\dist\\index.js:115:39\n    at step (D:\\Users\\jiang\\Desktop\\27Framework\\backend-node.js\\backend\\node_modules\\express-jwt\\dist\\index.js:33:23)\n    at Object.next (D:\\Users\\jiang\\Desktop\\27Framework\\backend-node.js\\backend\\node_modules\\express-jwt\\dist\\index.js:14:53)\n    at D:\\Users\\jiang\\Desktop\\27Framework\\backend-node.js\\backend\\node_modules\\express-jwt\\dist\\index.js:8:71\n    at new Promise (<anonymous>)\n    at __awaiter (D:\\Users\\jiang\\Desktop\\27Framework\\backend-node.js\\backend\\node_modules\\express-jwt\\dist\\index.js:4:12)\n    at middleware (D:\\Users\\jiang\\Desktop\\27Framework\\backend-node.js\\backend\\node_modules\\express-jwt\\dist\\index.js:67:16)\n    at D:\\Users\\jiang\\Desktop\\27Framework\\backend-node.js\\backend\\node_modules\\express-unless\\dist\\index.js:52:13\n    at Generator.next (<anonymous>)"}
==============================================================

{"timestamp":"2025-12-14T02:10:24.509Z","level":"error","message":"global errorhandling invalid signature","stack":"UnauthorizedError: invalid signature\n    at new UnauthorizedError (D:\\Users\\jiang\\Desktop\\27Framework\\backend-node.js\\backend\\node_modules\\express-jwt\\dist\\errors\\UnauthorizedError.js:22:28)\n    at D:\\Users\\jiang\\Desktop\\27Framework\\backend-node.js\\backend\\node_modules\\express-jwt\\dist\\index.js:140:38\n    at step (D:\\Users\\jiang\\Desktop\\27Framework\\backend-node.js\\backend\\node_modules\\express-jwt\\dist\\index.js:33:23)\n    at Object.next (D:\\Users\\jiang\\Desktop\\27Framework\\backend-node.js\\backend\\node_modules\\express-jwt\\dist\\index.js:14:53)\n    at fulfilled (D:\\Users\\jiang\\Desktop\\27Framework\\backend-node.js\\backend\\node_modules\\express-jwt\\dist\\index.js:5:58)"}
==============================================================

{"timestamp":"2025-12-14T02:10:24.517Z","level":"error","message":"global errorhandling invalid signature","stack":"UnauthorizedError: invalid signature\n    at new UnauthorizedError (D:\\Users\\jiang\\Desktop\\27Framework\\backend-node.js\\backend\\node_modules\\express-jwt\\dist\\errors\\UnauthorizedError.js:22:28)\n    at D:\\Users\\jiang\\Desktop\\27Framework\\backend-node.js\\backend\\node_modules\\express-jwt\\dist\\index.js:140:38\n    at step (D:\\Users\\jiang\\Desktop\\27Framework\\backend-node.js\\backend\\node_modules\\express-jwt\\dist\\index.js:33:23)\n    at Object.next (D:\\Users\\jiang\\Desktop\\27Framework\\backend-node.js\\backend\\node_modules\\express-jwt\\dist\\index.js:14:53)\n    at fulfilled (D:\\Users\\jiang\\Desktop\\27Framework\\backend-node.js\\backend\\node_modules\\express-jwt\\dist\\index.js:5:58)"}
==============================================================

{"timestamp":"2025-12-14T02:10:24.525Z","level":"error","message":"global errorhandling invalid signature","stack":"UnauthorizedError: invalid signature\n    at new UnauthorizedError (D:\\Users\\jiang\\Desktop\\27Framework\\backend-node.js\\backend\\node_modules\\express-jwt\\dist\\errors\\UnauthorizedError.js:22:28)\n    at D:\\Users\\jiang\\Desktop\\27Framework\\backend-node.js\\backend\\node_modules\\express-jwt\\dist\\index.js:140:38\n    at step (D:\\Users\\jiang\\Desktop\\27Framework\\backend-node.js\\backend\\node_modules\\express-jwt\\dist\\index.js:33:23)\n    at Object.next (D:\\Users\\jiang\\Desktop\\27Framework\\backend-node.js\\backend\\node_modules\\express-jwt\\dist\\index.js:14:53)\n    at fulfilled (D:\\Users\\jiang\\Desktop\\27Framework\\backend-node.js\\backend\\node_modules\\express-jwt\\dist\\index.js:5:58)"}
==============================================================

{"timestamp":"2025-12-14T02:10:24.534Z","level":"error","message":"global errorhandling invalid signature","stack":"UnauthorizedError: invalid signature\n    at new UnauthorizedError (D:\\Users\\jiang\\Desktop\\27Framework\\backend-node.js\\backend\\node_modules\\express-jwt\\dist\\errors\\UnauthorizedError.js:22:28)\n    at D:\\Users\\jiang\\Desktop\\27Framework\\backend-node.js\\backend\\node_modules\\express-jwt\\dist\\index.js:140:38\n    at step (D:\\Users\\jiang\\Desktop\\27Framework\\backend-node.js\\backend\\node_modules\\express-jwt\\dist\\index.js:33:23)\n    at Object.next (D:\\Users\\jiang\\Desktop\\27Framework\\backend-node.js\\backend\\node_modules\\express-jwt\\dist\\index.js:14:53)\n    at fulfilled (D:\\Users\\jiang\\Desktop\\27Framework\\backend-node.js\\backend\\node_modules\\express-jwt\\dist\\index.js:5:58)\n    at process.processTicksAndRejections (node:internal/process/task_queues:95:5)"}
==============================================================

{"timestamp":"2025-12-14T02:11:30.044Z","level":"error","message":"global errorhandling jwt malformed","stack":"UnauthorizedError: jwt malformed\n    at new UnauthorizedError (D:\\Users\\jiang\\Desktop\\27Framework\\backend-node.js\\backend\\node_modules\\express-jwt\\dist\\errors\\UnauthorizedError.js:22:28)\n    at D:\\Users\\jiang\\Desktop\\27Framework\\backend-node.js\\backend\\node_modules\\express-jwt\\dist\\index.js:140:38\n    at step (D:\\Users\\jiang\\Desktop\\27Framework\\backend-node.js\\backend\\node_modules\\express-jwt\\dist\\index.js:33:23)\n    at Object.next (D:\\Users\\jiang\\Desktop\\27Framework\\backend-node.js\\backend\\node_modules\\express-jwt\\dist\\index.js:14:53)\n    at fulfilled (D:\\Users\\jiang\\Desktop\\27Framework\\backend-node.js\\backend\\node_modules\\express-jwt\\dist\\index.js:5:58)"}
==============================================================

{"timestamp":"2025-12-14T02:11:30.046Z","level":"error","message":"global errorhandling jwt malformed","stack":"UnauthorizedError: jwt malformed\n    at new UnauthorizedError (D:\\Users\\jiang\\Desktop\\27Framework\\backend-node.js\\backend\\node_modules\\express-jwt\\dist\\errors\\UnauthorizedError.js:22:28)\n    at D:\\Users\\jiang\\Desktop\\27Framework\\backend-node.js\\backend\\node_modules\\express-jwt\\dist\\index.js:140:38\n    at step (D:\\Users\\jiang\\Desktop\\27Framework\\backend-node.js\\backend\\node_modules\\express-jwt\\dist\\index.js:33:23)\n    at Object.next (D:\\Users\\jiang\\Desktop\\27Framework\\backend-node.js\\backend\\node_modules\\express-jwt\\dist\\index.js:14:53)\n    at fulfilled (D:\\Users\\jiang\\Desktop\\27Framework\\backend-node.js\\backend\\node_modules\\express-jwt\\dist\\index.js:5:58)"}
==============================================================

{"timestamp":"2025-12-14T02:11:30.048Z","level":"error","message":"global errorhandling jwt malformed","stack":"UnauthorizedError: jwt malformed\n    at new UnauthorizedError (D:\\Users\\jiang\\Desktop\\27Framework\\backend-node.js\\backend\\node_modules\\express-jwt\\dist\\errors\\UnauthorizedError.js:22:28)\n    at D:\\Users\\jiang\\Desktop\\27Framework\\backend-node.js\\backend\\node_modules\\express-jwt\\dist\\index.js:140:38\n    at step (D:\\Users\\jiang\\Desktop\\27Framework\\backend-node.js\\backend\\node_modules\\express-jwt\\dist\\index.js:33:23)\n    at Object.next (D:\\Users\\jiang\\Desktop\\27Framework\\backend-node.js\\backend\\node_modules\\express-jwt\\dist\\index.js:14:53)\n    at fulfilled (D:\\Users\\jiang\\Desktop\\27Framework\\backend-node.js\\backend\\node_modules\\express-jwt\\dist\\index.js:5:58)"}
==============================================================

{"timestamp":"2025-12-14T02:11:30.055Z","level":"error","message":"global errorhandling jwt malformed","stack":"UnauthorizedError: jwt malformed\n    at new UnauthorizedError (D:\\Users\\jiang\\Desktop\\27Framework\\backend-node.js\\backend\\node_modules\\express-jwt\\dist\\errors\\UnauthorizedError.js:22:28)\n    at D:\\Users\\jiang\\Desktop\\27Framework\\backend-node.js\\backend\\node_modules\\express-jwt\\dist\\index.js:140:38\n    at step (D:\\Users\\jiang\\Desktop\\27Framework\\backend-node.js\\backend\\node_modules\\express-jwt\\dist\\index.js:33:23)\n    at Object.next (D:\\Users\\jiang\\Desktop\\27Framework\\backend-node.js\\backend\\node_modules\\express-jwt\\dist\\index.js:14:53)\n    at fulfilled (D:\\Users\\jiang\\Desktop\\27Framework\\backend-node.js\\backend\\node_modules\\express-jwt\\dist\\index.js:5:58)\n    at process.processTicksAndRejections (node:internal/process/task_queues:95:5)"}
==============================================================

{"timestamp":"2025-12-14T02:12:01.151Z","level":"error","message":"global errorhandling jwt malformed","stack":"UnauthorizedError: jwt malformed\n    at new UnauthorizedError (D:\\Users\\jiang\\Desktop\\27Framework\\backend-node.js\\backend\\node_modules\\express-jwt\\dist\\errors\\UnauthorizedError.js:22:28)\n    at D:\\Users\\jiang\\Desktop\\27Framework\\backend-node.js\\backend\\node_modules\\express-jwt\\dist\\index.js:140:38\n    at step (D:\\Users\\jiang\\Desktop\\27Framework\\backend-node.js\\backend\\node_modules\\express-jwt\\dist\\index.js:33:23)\n    at Object.next (D:\\Users\\jiang\\Desktop\\27Framework\\backend-node.js\\backend\\node_modules\\express-jwt\\dist\\index.js:14:53)\n    at fulfilled (D:\\Users\\jiang\\Desktop\\27Framework\\backend-node.js\\backend\\node_modules\\express-jwt\\dist\\index.js:5:58)"}
==============================================================

{"timestamp":"2025-12-14T02:12:01.156Z","level":"error","message":"global errorhandling jwt malformed","stack":"UnauthorizedError: jwt malformed\n    at new UnauthorizedError (D:\\Users\\jiang\\Desktop\\27Framework\\backend-node.js\\backend\\node_modules\\express-jwt\\dist\\errors\\UnauthorizedError.js:22:28)\n    at D:\\Users\\jiang\\Desktop\\27Framework\\backend-node.js\\backend\\node_modules\\express-jwt\\dist\\index.js:140:38\n    at step (D:\\Users\\jiang\\Desktop\\27Framework\\backend-node.js\\backend\\node_modules\\express-jwt\\dist\\index.js:33:23)\n    at Object.next (D:\\Users\\jiang\\Desktop\\27Framework\\backend-node.js\\backend\\node_modules\\express-jwt\\dist\\index.js:14:53)\n    at fulfilled (D:\\Users\\jiang\\Desktop\\27Framework\\backend-node.js\\backend\\node_modules\\express-jwt\\dist\\index.js:5:58)"}
==============================================================

{"timestamp":"2025-12-14T02:12:01.161Z","level":"error","message":"global errorhandling jwt malformed","stack":"UnauthorizedError: jwt malformed\n    at new UnauthorizedError (D:\\Users\\jiang\\Desktop\\27Framework\\backend-node.js\\backend\\node_modules\\express-jwt\\dist\\errors\\UnauthorizedError.js:22:28)\n    at D:\\Users\\jiang\\Desktop\\27Framework\\backend-node.js\\backend\\node_modules\\express-jwt\\dist\\index.js:140:38\n    at step (D:\\Users\\jiang\\Desktop\\27Framework\\backend-node.js\\backend\\node_modules\\express-jwt\\dist\\index.js:33:23)\n    at Object.next (D:\\Users\\jiang\\Desktop\\27Framework\\backend-node.js\\backend\\node_modules\\express-jwt\\dist\\index.js:14:53)\n    at fulfilled (D:\\Users\\jiang\\Desktop\\27Framework\\backend-node.js\\backend\\node_modules\\express-jwt\\dist\\index.js:5:58)"}
==============================================================

{"timestamp":"2025-12-14T02:12:01.169Z","level":"error","message":"global errorhandling jwt malformed","stack":"UnauthorizedError: jwt malformed\n    at new UnauthorizedError (D:\\Users\\jiang\\Desktop\\27Framework\\backend-node.js\\backend\\node_modules\\express-jwt\\dist\\errors\\UnauthorizedError.js:22:28)\n    at D:\\Users\\jiang\\Desktop\\27Framework\\backend-node.js\\backend\\node_modules\\express-jwt\\dist\\index.js:140:38\n    at step (D:\\Users\\jiang\\Desktop\\27Framework\\backend-node.js\\backend\\node_modules\\express-jwt\\dist\\index.js:33:23)\n    at Object.next (D:\\Users\\jiang\\Desktop\\27Framework\\backend-node.js\\backend\\node_modules\\express-jwt\\dist\\index.js:14:53)\n    at fulfilled (D:\\Users\\jiang\\Desktop\\27Framework\\backend-node.js\\backend\\node_modules\\express-jwt\\dist\\index.js:5:58)\n    at process.processTicksAndRejections (node:internal/process/task_queues:95:5)"}
==============================================================

{"timestamp":"2025-12-14T02:12:28.065Z","level":"error","message":"global errorhandling jwt malformed","stack":"UnauthorizedError: jwt malformed\n    at new UnauthorizedError (D:\\Users\\jiang\\Desktop\\27Framework\\backend-node.js\\backend\\node_modules\\express-jwt\\dist\\errors\\UnauthorizedError.js:22:28)\n    at D:\\Users\\jiang\\Desktop\\27Framework\\backend-node.js\\backend\\node_modules\\express-jwt\\dist\\index.js:140:38\n    at step (D:\\Users\\jiang\\Desktop\\27Framework\\backend-node.js\\backend\\node_modules\\express-jwt\\dist\\index.js:33:23)\n    at Object.next (D:\\Users\\jiang\\Desktop\\27Framework\\backend-node.js\\backend\\node_modules\\express-jwt\\dist\\index.js:14:53)\n    at fulfilled (D:\\Users\\jiang\\Desktop\\27Framework\\backend-node.js\\backend\\node_modules\\express-jwt\\dist\\index.js:5:58)"}
==============================================================

{"timestamp":"2025-12-14T02:12:28.067Z","level":"error","message":"global errorhandling jwt malformed","stack":"UnauthorizedError: jwt malformed\n    at new UnauthorizedError (D:\\Users\\jiang\\Desktop\\27Framework\\backend-node.js\\backend\\node_modules\\express-jwt\\dist\\errors\\UnauthorizedError.js:22:28)\n    at D:\\Users\\jiang\\Desktop\\27Framework\\backend-node.js\\backend\\node_modules\\express-jwt\\dist\\index.js:140:38\n    at step (D:\\Users\\jiang\\Desktop\\27Framework\\backend-node.js\\backend\\node_modules\\express-jwt\\dist\\index.js:33:23)\n    at Object.next (D:\\Users\\jiang\\Desktop\\27Framework\\backend-node.js\\backend\\node_modules\\express-jwt\\dist\\index.js:14:53)\n    at fulfilled (D:\\Users\\jiang\\Desktop\\27Framework\\backend-node.js\\backend\\node_modules\\express-jwt\\dist\\index.js:5:58)"}
==============================================================

{"timestamp":"2025-12-14T02:12:28.071Z","level":"error","message":"global errorhandling jwt malformed","stack":"UnauthorizedError: jwt malformed\n    at new UnauthorizedError (D:\\Users\\jiang\\Desktop\\27Framework\\backend-node.js\\backend\\node_modules\\express-jwt\\dist\\errors\\UnauthorizedError.js:22:28)\n    at D:\\Users\\jiang\\Desktop\\27Framework\\backend-node.js\\backend\\node_modules\\express-jwt\\dist\\index.js:140:38\n    at step (D:\\Users\\jiang\\Desktop\\27Framework\\backend-node.js\\backend\\node_modules\\express-jwt\\dist\\index.js:33:23)\n    at Object.next (D:\\Users\\jiang\\Desktop\\27Framework\\backend-node.js\\backend\\node_modules\\express-jwt\\dist\\index.js:14:53)\n    at fulfilled (D:\\Users\\jiang\\Desktop\\27Framework\\backend-node.js\\backend\\node_modules\\express-jwt\\dist\\index.js:5:58)"}
==============================================================

{"timestamp":"2025-12-14T02:12:28.086Z","level":"error","message":"global errorhandling jwt malformed","stack":"UnauthorizedError: jwt malformed\n    at new UnauthorizedError (D:\\Users\\jiang\\Desktop\\27Framework\\backend-node.js\\backend\\node_modules\\express-jwt\\dist\\errors\\UnauthorizedError.js:22:28)\n    at D:\\Users\\jiang\\Desktop\\27Framework\\backend-node.js\\backend\\node_modules\\express-jwt\\dist\\index.js:140:38\n    at step (D:\\Users\\jiang\\Desktop\\27Framework\\backend-node.js\\backend\\node_modules\\express-jwt\\dist\\index.js:33:23)\n    at Object.next (D:\\Users\\jiang\\Desktop\\27Framework\\backend-node.js\\backend\\node_modules\\express-jwt\\dist\\index.js:14:53)\n    at fulfilled (D:\\Users\\jiang\\Desktop\\27Framework\\backend-node.js\\backend\\node_modules\\express-jwt\\dist\\index.js:5:58)\n    at process.processTicksAndRejections (node:internal/process/task_queues:95:5)"}
==============================================================

{"timestamp":"2025-12-14T02:30:11.710Z","level":"error","message":"global errorhandling jwt malformed","stack":"UnauthorizedError: jwt malformed\n    at new UnauthorizedError (D:\\Users\\jiang\\Desktop\\27Framework\\backend-node.js\\backend\\node_modules\\express-jwt\\dist\\errors\\UnauthorizedError.js:22:28)\n    at D:\\Users\\jiang\\Desktop\\27Framework\\backend-node.js\\backend\\node_modules\\express-jwt\\dist\\index.js:140:38\n    at step (D:\\Users\\jiang\\Desktop\\27Framework\\backend-node.js\\backend\\node_modules\\express-jwt\\dist\\index.js:33:23)\n    at Object.next (D:\\Users\\jiang\\Desktop\\27Framework\\backend-node.js\\backend\\node_modules\\express-jwt\\dist\\index.js:14:53)\n    at fulfilled (D:\\Users\\jiang\\Desktop\\27Framework\\backend-node.js\\backend\\node_modules\\express-jwt\\dist\\index.js:5:58)"}
==============================================================

{"timestamp":"2025-12-14T02:30:11.723Z","level":"error","message":"global errorhandling jwt malformed","stack":"UnauthorizedError: jwt malformed\n    at new UnauthorizedError (D:\\Users\\jiang\\Desktop\\27Framework\\backend-node.js\\backend\\node_modules\\express-jwt\\dist\\errors\\UnauthorizedError.js:22:28)\n    at D:\\Users\\jiang\\Desktop\\27Framework\\backend-node.js\\backend\\node_modules\\express-jwt\\dist\\index.js:140:38\n    at step (D:\\Users\\jiang\\Desktop\\27Framework\\backend-node.js\\backend\\node_modules\\express-jwt\\dist\\index.js:33:23)\n    at Object.next (D:\\Users\\jiang\\Desktop\\27Framework\\backend-node.js\\backend\\node_modules\\express-jwt\\dist\\index.js:14:53)\n    at fulfilled (D:\\Users\\jiang\\Desktop\\27Framework\\backend-node.js\\backend\\node_modules\\express-jwt\\dist\\index.js:5:58)"}
==============================================================

{"timestamp":"2025-12-14T02:30:11.727Z","level":"error","message":"global errorhandling jwt malformed","stack":"UnauthorizedError: jwt malformed\n    at new UnauthorizedError (D:\\Users\\jiang\\Desktop\\27Framework\\backend-node.js\\backend\\node_modules\\express-jwt\\dist\\errors\\UnauthorizedError.js:22:28)\n    at D:\\Users\\jiang\\Desktop\\27Framework\\backend-node.js\\backend\\node_modules\\express-jwt\\dist\\index.js:140:38\n    at step (D:\\Users\\jiang\\Desktop\\27Framework\\backend-node.js\\backend\\node_modules\\express-jwt\\dist\\index.js:33:23)\n    at Object.next (D:\\Users\\jiang\\Desktop\\27Framework\\backend-node.js\\backend\\node_modules\\express-jwt\\dist\\index.js:14:53)\n    at fulfilled (D:\\Users\\jiang\\Desktop\\27Framework\\backend-node.js\\backend\\node_modules\\express-jwt\\dist\\index.js:5:58)"}
==============================================================

{"timestamp":"2025-12-14T02:30:11.734Z","level":"error","message":"global errorhandling jwt malformed","stack":"UnauthorizedError: jwt malformed\n    at new UnauthorizedError (D:\\Users\\jiang\\Desktop\\27Framework\\backend-node.js\\backend\\node_modules\\express-jwt\\dist\\errors\\UnauthorizedError.js:22:28)\n    at D:\\Users\\jiang\\Desktop\\27Framework\\backend-node.js\\backend\\node_modules\\express-jwt\\dist\\index.js:140:38\n    at step (D:\\Users\\jiang\\Desktop\\27Framework\\backend-node.js\\backend\\node_modules\\express-jwt\\dist\\index.js:33:23)\n    at Object.next (D:\\Users\\jiang\\Desktop\\27Framework\\backend-node.js\\backend\\node_modules\\express-jwt\\dist\\index.js:14:53)\n    at fulfilled (D:\\Users\\jiang\\Desktop\\27Framework\\backend-node.js\\backend\\node_modules\\express-jwt\\dist\\index.js:5:58)\n    at process.processTicksAndRejections (node:internal/process/task_queues:95:5)"}
==============================================================

{"timestamp":"2025-12-14T02:30:22.931Z","level":"error","message":"global errorhandling jwt malformed","stack":"UnauthorizedError: jwt malformed\n    at new UnauthorizedError (D:\\Users\\jiang\\Desktop\\27Framework\\backend-node.js\\backend\\node_modules\\express-jwt\\dist\\errors\\UnauthorizedError.js:22:28)\n    at D:\\Users\\jiang\\Desktop\\27Framework\\backend-node.js\\backend\\node_modules\\express-jwt\\dist\\index.js:140:38\n    at step (D:\\Users\\jiang\\Desktop\\27Framework\\backend-node.js\\backend\\node_modules\\express-jwt\\dist\\index.js:33:23)\n    at Object.next (D:\\Users\\jiang\\Desktop\\27Framework\\backend-node.js\\backend\\node_modules\\express-jwt\\dist\\index.js:14:53)\n    at fulfilled (D:\\Users\\jiang\\Desktop\\27Framework\\backend-node.js\\backend\\node_modules\\express-jwt\\dist\\index.js:5:58)"}
==============================================================

{"timestamp":"2025-12-14T02:30:22.939Z","level":"error","message":"global errorhandling jwt malformed","stack":"UnauthorizedError: jwt malformed\n    at new UnauthorizedError (D:\\Users\\jiang\\Desktop\\27Framework\\backend-node.js\\backend\\node_modules\\express-jwt\\dist\\errors\\UnauthorizedError.js:22:28)\n    at D:\\Users\\jiang\\Desktop\\27Framework\\backend-node.js\\backend\\node_modules\\express-jwt\\dist\\index.js:140:38\n    at step (D:\\Users\\jiang\\Desktop\\27Framework\\backend-node.js\\backend\\node_modules\\express-jwt\\dist\\index.js:33:23)\n    at Object.next (D:\\Users\\jiang\\Desktop\\27Framework\\backend-node.js\\backend\\node_modules\\express-jwt\\dist\\index.js:14:53)\n    at fulfilled (D:\\Users\\jiang\\Desktop\\27Framework\\backend-node.js\\backend\\node_modules\\express-jwt\\dist\\index.js:5:58)"}
==============================================================

{"timestamp":"2025-12-14T02:30:22.944Z","level":"error","message":"global errorhandling jwt malformed","stack":"UnauthorizedError: jwt malformed\n    at new UnauthorizedError (D:\\Users\\jiang\\Desktop\\27Framework\\backend-node.js\\backend\\node_modules\\express-jwt\\dist\\errors\\UnauthorizedError.js:22:28)\n    at D:\\Users\\jiang\\Desktop\\27Framework\\backend-node.js\\backend\\node_modules\\express-jwt\\dist\\index.js:140:38\n    at step (D:\\Users\\jiang\\Desktop\\27Framework\\backend-node.js\\backend\\node_modules\\express-jwt\\dist\\index.js:33:23)\n    at Object.next (D:\\Users\\jiang\\Desktop\\27Framework\\backend-node.js\\backend\\node_modules\\express-jwt\\dist\\index.js:14:53)\n    at fulfilled (D:\\Users\\jiang\\Desktop\\27Framework\\backend-node.js\\backend\\node_modules\\express-jwt\\dist\\index.js:5:58)"}
==============================================================

{"timestamp":"2025-12-14T02:30:22.951Z","level":"error","message":"global errorhandling jwt malformed","stack":"UnauthorizedError: jwt malformed\n    at new UnauthorizedError (D:\\Users\\jiang\\Desktop\\27Framework\\backend-node.js\\backend\\node_modules\\express-jwt\\dist\\errors\\UnauthorizedError.js:22:28)\n    at D:\\Users\\jiang\\Desktop\\27Framework\\backend-node.js\\backend\\node_modules\\express-jwt\\dist\\index.js:140:38\n    at step (D:\\Users\\jiang\\Desktop\\27Framework\\backend-node.js\\backend\\node_modules\\express-jwt\\dist\\index.js:33:23)\n    at Object.next (D:\\Users\\jiang\\Desktop\\27Framework\\backend-node.js\\backend\\node_modules\\express-jwt\\dist\\index.js:14:53)\n    at fulfilled (D:\\Users\\jiang\\Desktop\\27Framework\\backend-node.js\\backend\\node_modules\\express-jwt\\dist\\index.js:5:58)\n    at process.processTicksAndRejections (node:internal/process/task_queues:95:5)"}
==============================================================

{"timestamp":"2025-12-14T02:31:45.688Z","level":"error","message":"global errorhandling jwt malformed","stack":"UnauthorizedError: jwt malformed\n    at new UnauthorizedError (D:\\Users\\jiang\\Desktop\\27Framework\\backend-node.js\\backend\\node_modules\\express-jwt\\dist\\errors\\UnauthorizedError.js:22:28)\n    at D:\\Users\\jiang\\Desktop\\27Framework\\backend-node.js\\backend\\node_modules\\express-jwt\\dist\\index.js:140:38\n    at step (D:\\Users\\jiang\\Desktop\\27Framework\\backend-node.js\\backend\\node_modules\\express-jwt\\dist\\index.js:33:23)\n    at Object.next (D:\\Users\\jiang\\Desktop\\27Framework\\backend-node.js\\backend\\node_modules\\express-jwt\\dist\\index.js:14:53)\n    at fulfilled (D:\\Users\\jiang\\Desktop\\27Framework\\backend-node.js\\backend\\node_modules\\express-jwt\\dist\\index.js:5:58)"}
==============================================================

{"timestamp":"2025-12-14T02:31:45.695Z","level":"error","message":"global errorhandling jwt malformed","stack":"UnauthorizedError: jwt malformed\n    at new UnauthorizedError (D:\\Users\\jiang\\Desktop\\27Framework\\backend-node.js\\backend\\node_modules\\express-jwt\\dist\\errors\\UnauthorizedError.js:22:28)\n    at D:\\Users\\jiang\\Desktop\\27Framework\\backend-node.js\\backend\\node_modules\\express-jwt\\dist\\index.js:140:38\n    at step (D:\\Users\\jiang\\Desktop\\27Framework\\backend-node.js\\backend\\node_modules\\express-jwt\\dist\\index.js:33:23)\n    at Object.next (D:\\Users\\jiang\\Desktop\\27Framework\\backend-node.js\\backend\\node_modules\\express-jwt\\dist\\index.js:14:53)\n    at fulfilled (D:\\Users\\jiang\\Desktop\\27Framework\\backend-node.js\\backend\\node_modules\\express-jwt\\dist\\index.js:5:58)"}
==============================================================

{"timestamp":"2025-12-14T02:31:45.701Z","level":"error","message":"global errorhandling jwt malformed","stack":"UnauthorizedError: jwt malformed\n    at new UnauthorizedError (D:\\Users\\jiang\\Desktop\\27Framework\\backend-node.js\\backend\\node_modules\\express-jwt\\dist\\errors\\UnauthorizedError.js:22:28)\n    at D:\\Users\\jiang\\Desktop\\27Framework\\backend-node.js\\backend\\node_modules\\express-jwt\\dist\\index.js:140:38\n    at step (D:\\Users\\jiang\\Desktop\\27Framework\\backend-node.js\\backend\\node_modules\\express-jwt\\dist\\index.js:33:23)\n    at Object.next (D:\\Users\\jiang\\Desktop\\27Framework\\backend-node.js\\backend\\node_modules\\express-jwt\\dist\\index.js:14:53)\n    at fulfilled (D:\\Users\\jiang\\Desktop\\27Framework\\backend-node.js\\backend\\node_modules\\express-jwt\\dist\\index.js:5:58)"}
==============================================================

{"timestamp":"2025-12-14T02:31:45.710Z","level":"error","message":"global errorhandling jwt malformed","stack":"UnauthorizedError: jwt malformed\n    at new UnauthorizedError (D:\\Users\\jiang\\Desktop\\27Framework\\backend-node.js\\backend\\node_modules\\express-jwt\\dist\\errors\\UnauthorizedError.js:22:28)\n    at D:\\Users\\jiang\\Desktop\\27Framework\\backend-node.js\\backend\\node_modules\\express-jwt\\dist\\index.js:140:38\n    at step (D:\\Users\\jiang\\Desktop\\27Framework\\backend-node.js\\backend\\node_modules\\express-jwt\\dist\\index.js:33:23)\n    at Object.next (D:\\Users\\jiang\\Desktop\\27Framework\\backend-node.js\\backend\\node_modules\\express-jwt\\dist\\index.js:14:53)\n    at fulfilled (D:\\Users\\jiang\\Desktop\\27Framework\\backend-node.js\\backend\\node_modules\\express-jwt\\dist\\index.js:5:58)\n    at process.processTicksAndRejections (node:internal/process/task_queues:95:5)"}
==============================================================

{"timestamp":"2025-12-14T06:24:50.706Z","level":"error","message":"global errorhandling No authorization token was found","stack":"UnauthorizedError: No authorization token was found\n    at new UnauthorizedError (K:\\nodejs bk\\backend-node.js\\backend-node.js\\backend\\node_modules\\express-jwt\\dist\\errors\\UnauthorizedError.js:22:28)\n    at K:\\nodejs bk\\backend-node.js\\backend-node.js\\backend\\node_modules\\express-jwt\\dist\\index.js:115:39\n    at step (K:\\nodejs bk\\backend-node.js\\backend-node.js\\backend\\node_modules\\express-jwt\\dist\\index.js:33:23)\n    at Object.next (K:\\nodejs bk\\backend-node.js\\backend-node.js\\backend\\node_modules\\express-jwt\\dist\\index.js:14:53)\n    at K:\\nodejs bk\\backend-node.js\\backend-node.js\\backend\\node_modules\\express-jwt\\dist\\index.js:8:71\n    at new Promise (<anonymous>)\n    at __awaiter (K:\\nodejs bk\\backend-node.js\\backend-node.js\\backend\\node_modules\\express-jwt\\dist\\index.js:4:12)\n    at middleware (K:\\nodejs bk\\backend-node.js\\backend-node.js\\backend\\node_modules\\express-jwt\\dist\\index.js:67:16)\n    at K:\\nodejs bk\\backend-node.js\\backend-node.js\\backend\\node_modules\\express-unless\\dist\\index.js:52:13\n    at Generator.next (<anonymous>)"}
==============================================================

{"timestamp":"2025-12-14T06:40:55.972Z","level":"error","message":"global errorhandling demo not exists","stack":"EntityNotFoundException: demo not exists\n    at Object.getByIdAsync (K:\\nodejs bk\\backend-node.js\\backend-node.js\\backend\\service\\demoservice.js:165:11)\n    at process.processTicksAndRejections (node:internal/process/task_queues:95:5)\n    at async getByIdAsync (K:\\nodejs bk\\backend-node.js\\backend-node.js\\backend\\controller\\democontroller.js:90:16)"}
==============================================================

{"timestamp":"2025-12-14T06:40:55.974Z","level":"error","message":"global errorhandling demo not exists","stack":"EntityNotFoundException: demo not exists\n    at Object.getByIdAsync (K:\\nodejs bk\\backend-node.js\\backend-node.js\\backend\\service\\demoservice.js:165:11)\n    at process.processTicksAndRejections (node:internal/process/task_queues:95:5)\n    at async getByIdAsync (K:\\nodejs bk\\backend-node.js\\backend-node.js\\backend\\controller\\democontroller.js:90:16)"}
==============================================================

{"timestamp":"2025-12-14T06:40:55.979Z","level":"error","message":"global errorhandling demo not exists","stack":"EntityNotFoundException: demo not exists\n    at Object.getByIdAsync (K:\\nodejs bk\\backend-node.js\\backend-node.js\\backend\\service\\demoservice.js:165:11)\n    at process.processTicksAndRejections (node:internal/process/task_queues:95:5)\n    at async getByIdAsync (K:\\nodejs bk\\backend-node.js\\backend-node.js\\backend\\controller\\democontroller.js:90:16)"}
==============================================================

{"timestamp":"2025-12-14T06:41:21.477Z","level":"error","message":"global errorhandling demo not exists","stack":"EntityNotFoundException: demo not exists\n    at Object.getByIdAsync (K:\\nodejs bk\\backend-node.js\\backend-node.js\\backend\\service\\demoservice.js:165:11)\n    at process.processTicksAndRejections (node:internal/process/task_queues:95:5)\n    at async getByIdAsync (K:\\nodejs bk\\backend-node.js\\backend-node.js\\backend\\controller\\democontroller.js:90:16)"}
==============================================================

{"timestamp":"2025-12-14T06:41:21.481Z","level":"error","message":"global errorhandling demo not exists","stack":"EntityNotFoundException: demo not exists\n    at Object.getByIdAsync (K:\\nodejs bk\\backend-node.js\\backend-node.js\\backend\\service\\demoservice.js:165:11)\n    at process.processTicksAndRejections (node:internal/process/task_queues:95:5)\n    at async getByIdAsync (K:\\nodejs bk\\backend-node.js\\backend-node.js\\backend\\controller\\democontroller.js:90:16)"}
==============================================================

{"timestamp":"2025-12-14T06:41:21.487Z","level":"error","message":"global errorhandling demo not exists","stack":"EntityNotFoundException: demo not exists\n    at Object.getByIdAsync (K:\\nodejs bk\\backend-node.js\\backend-node.js\\backend\\service\\demoservice.js:165:11)\n    at process.processTicksAndRejections (node:internal/process/task_queues:95:5)\n    at async getByIdAsync (K:\\nodejs bk\\backend-node.js\\backend-node.js\\backend\\controller\\democontroller.js:90:16)"}
==============================================================

{"timestamp":"2025-12-14T06:49:12.519Z","level":"error","message":"global errorhandling You have an error in your SQL syntax; check the manual that corresponds to your MySQL server version for the right syntax to use near ''10'' at line 1","stack":"Error\n    at Query.run (K:\\nodejs bk\\backend-node.js\\backend-node.js\\backend\\node_modules\\sequelize\\lib\\dialects\\mysql\\query.js:52:25)\n    at K:\\nodejs bk\\backend-node.js\\backend-node.js\\backend\\node_modules\\sequelize\\lib\\sequelize.js:315:28\n    at process.processTicksAndRejections (node:internal/process/task_queues:95:5)\n    at async MySQLQueryInterface.select (K:\\nodejs bk\\backend-node.js\\backend-node.js\\backend\\node_modules\\sequelize\\lib\\dialects\\abstract\\query-interface.js:407:12)\n    at async Demo.findAll (K:\\nodejs bk\\backend-node.js\\backend-node.js\\backend\\node_modules\\sequelize\\lib\\model.js:1140:21)\n    at async Promise.all (index 1)\n    at async Demo.findAndCountAll (K:\\nodejs bk\\backend-node.js\\backend-node.js\\backend\\node_modules\\sequelize\\lib\\model.js:1322:27)\n    at async Object.pageAsync (K:\\nodejs bk\\backend-node.js\\backend-node.js\\backend\\service\\demoservice.js:138:27)\n    at async getPageAsync (K:\\nodejs bk\\backend-node.js\\backend-node.js\\backend\\controller\\democontroller.js:82:16)"}
==============================================================

{"timestamp":"2025-12-14T06:49:12.533Z","level":"error","message":"global errorhandling You have an error in your SQL syntax; check the manual that corresponds to your MySQL server version for the right syntax to use near ''10'' at line 1","stack":"Error\n    at Query.run (K:\\nodejs bk\\backend-node.js\\backend-node.js\\backend\\node_modules\\sequelize\\lib\\dialects\\mysql\\query.js:52:25)\n    at K:\\nodejs bk\\backend-node.js\\backend-node.js\\backend\\node_modules\\sequelize\\lib\\sequelize.js:315:28\n    at process.processTicksAndRejections (node:internal/process/task_queues:95:5)\n    at async MySQLQueryInterface.select (K:\\nodejs bk\\backend-node.js\\backend-node.js\\backend\\node_modules\\sequelize\\lib\\dialects\\abstract\\query-interface.js:407:12)\n    at async Demo.findAll (K:\\nodejs bk\\backend-node.js\\backend-node.js\\backend\\node_modules\\sequelize\\lib\\model.js:1140:21)\n    at async Promise.all (index 1)\n    at async Demo.findAndCountAll (K:\\nodejs bk\\backend-node.js\\backend-node.js\\backend\\node_modules\\sequelize\\lib\\model.js:1322:27)\n    at async Object.pageAsync (K:\\nodejs bk\\backend-node.js\\backend-node.js\\backend\\service\\demoservice.js:138:27)\n    at async getPageAsync (K:\\nodejs bk\\backend-node.js\\backend-node.js\\backend\\controller\\democontroller.js:82:16)"}
==============================================================

{"timestamp":"2025-12-14T06:49:12.546Z","level":"error","message":"global errorhandling You have an error in your SQL syntax; check the manual that corresponds to your MySQL server version for the right syntax to use near ''10'' at line 1","stack":"Error\n    at Query.run (K:\\nodejs bk\\backend-node.js\\backend-node.js\\backend\\node_modules\\sequelize\\lib\\dialects\\mysql\\query.js:52:25)\n    at K:\\nodejs bk\\backend-node.js\\backend-node.js\\backend\\node_modules\\sequelize\\lib\\sequelize.js:315:28\n    at process.processTicksAndRejections (node:internal/process/task_queues:95:5)\n    at async MySQLQueryInterface.select (K:\\nodejs bk\\backend-node.js\\backend-node.js\\backend\\node_modules\\sequelize\\lib\\dialects\\abstract\\query-interface.js:407:12)\n    at async Demo.findAll (K:\\nodejs bk\\backend-node.js\\backend-node.js\\backend\\node_modules\\sequelize\\lib\\model.js:1140:21)\n    at async Promise.all (index 1)\n    at async Demo.findAndCountAll (K:\\nodejs bk\\backend-node.js\\backend-node.js\\backend\\node_modules\\sequelize\\lib\\model.js:1322:27)\n    at async Object.pageAsync (K:\\nodejs bk\\backend-node.js\\backend-node.js\\backend\\service\\demoservice.js:138:27)\n    at async getPageAsync (K:\\nodejs bk\\backend-node.js\\backend-node.js\\backend\\controller\\democontroller.js:82:16)"}
==============================================================

{"timestamp":"2025-12-14T06:50:01.470Z","level":"error","message":"global errorhandling No authorization token was found","stack":"UnauthorizedError: No authorization token was found\n    at new UnauthorizedError (K:\\nodejs bk\\backend-node.js\\backend-node.js\\backend\\node_modules\\express-jwt\\dist\\errors\\UnauthorizedError.js:22:28)\n    at K:\\nodejs bk\\backend-node.js\\backend-node.js\\backend\\node_modules\\express-jwt\\dist\\index.js:115:39\n    at step (K:\\nodejs bk\\backend-node.js\\backend-node.js\\backend\\node_modules\\express-jwt\\dist\\index.js:33:23)\n    at Object.next (K:\\nodejs bk\\backend-node.js\\backend-node.js\\backend\\node_modules\\express-jwt\\dist\\index.js:14:53)\n    at K:\\nodejs bk\\backend-node.js\\backend-node.js\\backend\\node_modules\\express-jwt\\dist\\index.js:8:71\n    at new Promise (<anonymous>)\n    at __awaiter (K:\\nodejs bk\\backend-node.js\\backend-node.js\\backend\\node_modules\\express-jwt\\dist\\index.js:4:12)\n    at middleware (K:\\nodejs bk\\backend-node.js\\backend-node.js\\backend\\node_modules\\express-jwt\\dist\\index.js:67:16)\n    at K:\\nodejs bk\\backend-node.js\\backend-node.js\\backend\\node_modules\\express-unless\\dist\\index.js:52:13\n    at Generator.next (<anonymous>)"}
==============================================================

{"timestamp":"2025-12-14T06:51:29.374Z","level":"error","message":"global errorhandling No authorization token was found","stack":"UnauthorizedError: No authorization token was found\n    at new UnauthorizedError (K:\\nodejs bk\\backend-node.js\\backend-node.js\\backend\\node_modules\\express-jwt\\dist\\errors\\UnauthorizedError.js:22:28)\n    at K:\\nodejs bk\\backend-node.js\\backend-node.js\\backend\\node_modules\\express-jwt\\dist\\index.js:115:39\n    at step (K:\\nodejs bk\\backend-node.js\\backend-node.js\\backend\\node_modules\\express-jwt\\dist\\index.js:33:23)\n    at Object.next (K:\\nodejs bk\\backend-node.js\\backend-node.js\\backend\\node_modules\\express-jwt\\dist\\index.js:14:53)\n    at K:\\nodejs bk\\backend-node.js\\backend-node.js\\backend\\node_modules\\express-jwt\\dist\\index.js:8:71\n    at new Promise (<anonymous>)\n    at __awaiter (K:\\nodejs bk\\backend-node.js\\backend-node.js\\backend\\node_modules\\express-jwt\\dist\\index.js:4:12)\n    at middleware (K:\\nodejs bk\\backend-node.js\\backend-node.js\\backend\\node_modules\\express-jwt\\dist\\index.js:67:16)\n    at K:\\nodejs bk\\backend-node.js\\backend-node.js\\backend\\node_modules\\express-unless\\dist\\index.js:52:13\n    at Generator.next (<anonymous>)"}
==============================================================

{"timestamp":"2025-12-14T06:53:23.203Z","level":"error","message":"global errorhandling You have an error in your SQL syntax; check the manual that corresponds to your MySQL server version for the right syntax to use near ''10'' at line 1","stack":"Error\n    at Query.run (K:\\nodejs bk\\backend-node.js\\backend-node.js\\backend\\node_modules\\sequelize\\lib\\dialects\\mysql\\query.js:52:25)\n    at K:\\nodejs bk\\backend-node.js\\backend-node.js\\backend\\node_modules\\sequelize\\lib\\sequelize.js:315:28\n    at process.processTicksAndRejections (node:internal/process/task_queues:95:5)\n    at async MySQLQueryInterface.select (K:\\nodejs bk\\backend-node.js\\backend-node.js\\backend\\node_modules\\sequelize\\lib\\dialects\\abstract\\query-interface.js:407:12)\n    at async Demo.findAll (K:\\nodejs bk\\backend-node.js\\backend-node.js\\backend\\node_modules\\sequelize\\lib\\model.js:1140:21)\n    at async Promise.all (index 1)\n    at async Demo.findAndCountAll (K:\\nodejs bk\\backend-node.js\\backend-node.js\\backend\\node_modules\\sequelize\\lib\\model.js:1322:27)\n    at async Object.pageAsync (K:\\nodejs bk\\backend-node.js\\backend-node.js\\backend\\service\\demoservice.js:138:27)\n    at async getPageAsync (K:\\nodejs bk\\backend-node.js\\backend-node.js\\backend\\controller\\democontroller.js:82:16)"}
==============================================================

{"timestamp":"2025-12-14T06:53:23.220Z","level":"error","message":"global errorhandling You have an error in your SQL syntax; check the manual that corresponds to your MySQL server version for the right syntax to use near ''10'' at line 1","stack":"Error\n    at Query.run (K:\\nodejs bk\\backend-node.js\\backend-node.js\\backend\\node_modules\\sequelize\\lib\\dialects\\mysql\\query.js:52:25)\n    at K:\\nodejs bk\\backend-node.js\\backend-node.js\\backend\\node_modules\\sequelize\\lib\\sequelize.js:315:28\n    at process.processTicksAndRejections (node:internal/process/task_queues:95:5)\n    at async MySQLQueryInterface.select (K:\\nodejs bk\\backend-node.js\\backend-node.js\\backend\\node_modules\\sequelize\\lib\\dialects\\abstract\\query-interface.js:407:12)\n    at async Demo.findAll (K:\\nodejs bk\\backend-node.js\\backend-node.js\\backend\\node_modules\\sequelize\\lib\\model.js:1140:21)\n    at async Promise.all (index 1)\n    at async Demo.findAndCountAll (K:\\nodejs bk\\backend-node.js\\backend-node.js\\backend\\node_modules\\sequelize\\lib\\model.js:1322:27)\n    at async Object.pageAsync (K:\\nodejs bk\\backend-node.js\\backend-node.js\\backend\\service\\demoservice.js:138:27)\n    at async getPageAsync (K:\\nodejs bk\\backend-node.js\\backend-node.js\\backend\\controller\\democontroller.js:82:16)"}
==============================================================

{"timestamp":"2025-12-14T06:53:23.234Z","level":"error","message":"global errorhandling You have an error in your SQL syntax; check the manual that corresponds to your MySQL server version for the right syntax to use near ''10'' at line 1","stack":"Error\n    at Query.run (K:\\nodejs bk\\backend-node.js\\backend-node.js\\backend\\node_modules\\sequelize\\lib\\dialects\\mysql\\query.js:52:25)\n    at K:\\nodejs bk\\backend-node.js\\backend-node.js\\backend\\node_modules\\sequelize\\lib\\sequelize.js:315:28\n    at async MySQLQueryInterface.select (K:\\nodejs bk\\backend-node.js\\backend-node.js\\backend\\node_modules\\sequelize\\lib\\dialects\\abstract\\query-interface.js:407:12)\n    at async Demo.findAll (K:\\nodejs bk\\backend-node.js\\backend-node.js\\backend\\node_modules\\sequelize\\lib\\model.js:1140:21)\n    at async Promise.all (index 1)\n    at async Demo.findAndCountAll (K:\\nodejs bk\\backend-node.js\\backend-node.js\\backend\\node_modules\\sequelize\\lib\\model.js:1322:27)\n    at async Object.pageAsync (K:\\nodejs bk\\backend-node.js\\backend-node.js\\backend\\service\\demoservice.js:138:27)\n    at async getPageAsync (K:\\nodejs bk\\backend-node.js\\backend-node.js\\backend\\controller\\democontroller.js:82:16)"}
==============================================================

{"timestamp":"2025-12-14T06:56:00.047Z","level":"error","message":"global errorhandling Assignment to constant variable.","stack":"TypeError: Assignment to constant variable.\n    at getPageAsync (K:\\nodejs bk\\backend-node.js\\backend-node.js\\backend\\controller\\democontroller.js:80:8)\n    at Layer.handleRequest (K:\\nodejs bk\\backend-node.js\\backend-node.js\\backend\\node_modules\\router\\lib\\layer.js:152:17)\n    at next (K:\\nodejs bk\\backend-node.js\\backend-node.js\\backend\\node_modules\\router\\lib\\route.js:157:13)\n    at K:\\nodejs bk\\backend-node.js\\backend-node.js\\backend\\middleware\\expressValidator.js:12:14"}
==============================================================

{"timestamp":"2025-12-14T06:56:00.054Z","level":"error","message":"global errorhandling Assignment to constant variable.","stack":"TypeError: Assignment to constant variable.\n    at getPageAsync (K:\\nodejs bk\\backend-node.js\\backend-node.js\\backend\\controller\\democontroller.js:80:8)\n    at Layer.handleRequest (K:\\nodejs bk\\backend-node.js\\backend-node.js\\backend\\node_modules\\router\\lib\\layer.js:152:17)\n    at next (K:\\nodejs bk\\backend-node.js\\backend-node.js\\backend\\node_modules\\router\\lib\\route.js:157:13)\n    at K:\\nodejs bk\\backend-node.js\\backend-node.js\\backend\\middleware\\expressValidator.js:12:14"}
==============================================================

{"timestamp":"2025-12-14T06:56:00.057Z","level":"error","message":"global errorhandling Assignment to constant variable.","stack":"TypeError: Assignment to constant variable.\n    at getPageAsync (K:\\nodejs bk\\backend-node.js\\backend-node.js\\backend\\controller\\democontroller.js:80:8)\n    at Layer.handleRequest (K:\\nodejs bk\\backend-node.js\\backend-node.js\\backend\\node_modules\\router\\lib\\layer.js:152:17)\n    at next (K:\\nodejs bk\\backend-node.js\\backend-node.js\\backend\\node_modules\\router\\lib\\route.js:157:13)\n    at K:\\nodejs bk\\backend-node.js\\backend-node.js\\backend\\middleware\\expressValidator.js:12:14"}
==============================================================

{"timestamp":"2025-12-14T06:56:37.829Z","level":"error","message":"global errorhandling Assignment to constant variable.","stack":"TypeError: Assignment to constant variable.\n    at getPageAsync (K:\\nodejs bk\\backend-node.js\\backend-node.js\\backend\\controller\\democontroller.js:80:8)\n    at Layer.handleRequest (K:\\nodejs bk\\backend-node.js\\backend-node.js\\backend\\node_modules\\router\\lib\\layer.js:152:17)\n    at next (K:\\nodejs bk\\backend-node.js\\backend-node.js\\backend\\node_modules\\router\\lib\\route.js:157:13)\n    at K:\\nodejs bk\\backend-node.js\\backend-node.js\\backend\\middleware\\expressValidator.js:12:14"}
==============================================================

{"timestamp":"2025-12-14T06:56:37.834Z","level":"error","message":"global errorhandling Assignment to constant variable.","stack":"TypeError: Assignment to constant variable.\n    at getPageAsync (K:\\nodejs bk\\backend-node.js\\backend-node.js\\backend\\controller\\democontroller.js:80:8)\n    at Layer.handleRequest (K:\\nodejs bk\\backend-node.js\\backend-node.js\\backend\\node_modules\\router\\lib\\layer.js:152:17)\n    at next (K:\\nodejs bk\\backend-node.js\\backend-node.js\\backend\\node_modules\\router\\lib\\route.js:157:13)\n    at K:\\nodejs bk\\backend-node.js\\backend-node.js\\backend\\middleware\\expressValidator.js:12:14"}
==============================================================

{"timestamp":"2025-12-14T06:56:37.836Z","level":"error","message":"global errorhandling Assignment to constant variable.","stack":"TypeError: Assignment to constant variable.\n    at getPageAsync (K:\\nodejs bk\\backend-node.js\\backend-node.js\\backend\\controller\\democontroller.js:80:8)\n    at Layer.handleRequest (K:\\nodejs bk\\backend-node.js\\backend-node.js\\backend\\node_modules\\router\\lib\\layer.js:152:17)\n    at next (K:\\nodejs bk\\backend-node.js\\backend-node.js\\backend\\node_modules\\router\\lib\\route.js:157:13)\n    at K:\\nodejs bk\\backend-node.js\\backend-node.js\\backend\\middleware\\expressValidator.js:12:14"}
==============================================================

{"timestamp":"2025-12-14T06:58:00.407Z","level":"error","message":"global errorhandling Assignment to constant variable.","stack":"TypeError: Assignment to constant variable.\n    at getPageAsync (K:\\nodejs bk\\backend-node.js\\backend-node.js\\backend\\controller\\democontroller.js:81:8)\n    at Layer.handleRequest (K:\\nodejs bk\\backend-node.js\\backend-node.js\\backend\\node_modules\\router\\lib\\layer.js:152:17)\n    at next (K:\\nodejs bk\\backend-node.js\\backend-node.js\\backend\\node_modules\\router\\lib\\route.js:157:13)\n    at K:\\nodejs bk\\backend-node.js\\backend-node.js\\backend\\middleware\\expressValidator.js:12:14"}
==============================================================

{"timestamp":"2025-12-14T06:58:02.206Z","level":"error","message":"global errorhandling Assignment to constant variable.","stack":"TypeError: Assignment to constant variable.\n    at getPageAsync (K:\\nodejs bk\\backend-node.js\\backend-node.js\\backend\\controller\\democontroller.js:81:8)\n    at Layer.handleRequest (K:\\nodejs bk\\backend-node.js\\backend-node.js\\backend\\node_modules\\router\\lib\\layer.js:152:17)\n    at next (K:\\nodejs bk\\backend-node.js\\backend-node.js\\backend\\node_modules\\router\\lib\\route.js:157:13)\n    at K:\\nodejs bk\\backend-node.js\\backend-node.js\\backend\\middleware\\expressValidator.js:12:14"}
==============================================================

{"timestamp":"2025-12-14T06:58:03.285Z","level":"error","message":"global errorhandling Assignment to constant variable.","stack":"TypeError: Assignment to constant variable.\n    at getPageAsync (K:\\nodejs bk\\backend-node.js\\backend-node.js\\backend\\controller\\democontroller.js:81:8)\n    at Layer.handleRequest (K:\\nodejs bk\\backend-node.js\\backend-node.js\\backend\\node_modules\\router\\lib\\layer.js:152:17)\n    at next (K:\\nodejs bk\\backend-node.js\\backend-node.js\\backend\\node_modules\\router\\lib\\route.js:157:13)\n    at K:\\nodejs bk\\backend-node.js\\backend-node.js\\backend\\middleware\\expressValidator.js:12:14"}
==============================================================

{"timestamp":"2025-12-14T06:58:13.124Z","level":"error","message":"global errorhandling Assignment to constant variable.","stack":"TypeError: Assignment to constant variable.\n    at getPageAsync (K:\\nodejs bk\\backend-node.js\\backend-node.js\\backend\\controller\\democontroller.js:81:8)\n    at Layer.handleRequest (K:\\nodejs bk\\backend-node.js\\backend-node.js\\backend\\node_modules\\router\\lib\\layer.js:152:17)\n    at next (K:\\nodejs bk\\backend-node.js\\backend-node.js\\backend\\node_modules\\router\\lib\\route.js:157:13)\n    at K:\\nodejs bk\\backend-node.js\\backend-node.js\\backend\\middleware\\expressValidator.js:12:14"}
==============================================================

{"timestamp":"2025-12-14T06:58:17.181Z","level":"error","message":"global errorhandling Assignment to constant variable.","stack":"TypeError: Assignment to constant variable.\n    at getPageAsync (K:\\nodejs bk\\backend-node.js\\backend-node.js\\backend\\controller\\democontroller.js:81:8)\n    at Layer.handleRequest (K:\\nodejs bk\\backend-node.js\\backend-node.js\\backend\\node_modules\\router\\lib\\layer.js:152:17)\n    at next (K:\\nodejs bk\\backend-node.js\\backend-node.js\\backend\\node_modules\\router\\lib\\route.js:157:13)\n    at K:\\nodejs bk\\backend-node.js\\backend-node.js\\backend\\middleware\\expressValidator.js:12:14"}
==============================================================

{"timestamp":"2025-12-14T06:58:18.223Z","level":"error","message":"global errorhandling Assignment to constant variable.","stack":"TypeError: Assignment to constant variable.\n    at getPageAsync (K:\\nodejs bk\\backend-node.js\\backend-node.js\\backend\\controller\\democontroller.js:81:8)\n    at Layer.handleRequest (K:\\nodejs bk\\backend-node.js\\backend-node.js\\backend\\node_modules\\router\\lib\\layer.js:152:17)\n    at next (K:\\nodejs bk\\backend-node.js\\backend-node.js\\backend\\node_modules\\router\\lib\\route.js:157:13)\n    at K:\\nodejs bk\\backend-node.js\\backend-node.js\\backend\\middleware\\expressValidator.js:12:14"}
==============================================================

{"timestamp":"2025-12-14T06:58:30.087Z","level":"error","message":"global errorhandling Assignment to constant variable.","stack":"TypeError: Assignment to constant variable.\n    at getPageAsync (K:\\nodejs bk\\backend-node.js\\backend-node.js\\backend\\controller\\democontroller.js:81:8)\n    at Layer.handleRequest (K:\\nodejs bk\\backend-node.js\\backend-node.js\\backend\\node_modules\\router\\lib\\layer.js:152:17)\n    at next (K:\\nodejs bk\\backend-node.js\\backend-node.js\\backend\\node_modules\\router\\lib\\route.js:157:13)\n    at K:\\nodejs bk\\backend-node.js\\backend-node.js\\backend\\middleware\\expressValidator.js:12:14"}
==============================================================

{"timestamp":"2025-12-14T06:58:31.093Z","level":"error","message":"global errorhandling Assignment to constant variable.","stack":"TypeError: Assignment to constant variable.\n    at getPageAsync (K:\\nodejs bk\\backend-node.js\\backend-node.js\\backend\\controller\\democontroller.js:81:8)\n    at Layer.handleRequest (K:\\nodejs bk\\backend-node.js\\backend-node.js\\backend\\node_modules\\router\\lib\\layer.js:152:17)\n    at next (K:\\nodejs bk\\backend-node.js\\backend-node.js\\backend\\node_modules\\router\\lib\\route.js:157:13)\n    at K:\\nodejs bk\\backend-node.js\\backend-node.js\\backend\\middleware\\expressValidator.js:12:14"}
==============================================================

{"timestamp":"2025-12-14T06:58:33.270Z","level":"error","message":"global errorhandling Assignment to constant variable.","stack":"TypeError: Assignment to constant variable.\n    at getPageAsync (K:\\nodejs bk\\backend-node.js\\backend-node.js\\backend\\controller\\democontroller.js:81:8)\n    at Layer.handleRequest (K:\\nodejs bk\\backend-node.js\\backend-node.js\\backend\\node_modules\\router\\lib\\layer.js:152:17)\n    at next (K:\\nodejs bk\\backend-node.js\\backend-node.js\\backend\\node_modules\\router\\lib\\route.js:157:13)\n    at K:\\nodejs bk\\backend-node.js\\backend-node.js\\backend\\middleware\\expressValidator.js:12:14"}
==============================================================

{"timestamp":"2025-12-14T06:58:44.812Z","level":"error","message":"global errorhandling Assignment to constant variable.","stack":"TypeError: Assignment to constant variable.\n    at getPageAsync (K:\\nodejs bk\\backend-node.js\\backend-node.js\\backend\\controller\\democontroller.js:81:8)\n    at Layer.handleRequest (K:\\nodejs bk\\backend-node.js\\backend-node.js\\backend\\node_modules\\router\\lib\\layer.js:152:17)\n    at next (K:\\nodejs bk\\backend-node.js\\backend-node.js\\backend\\node_modules\\router\\lib\\route.js:157:13)\n    at K:\\nodejs bk\\backend-node.js\\backend-node.js\\backend\\middleware\\expressValidator.js:12:14"}
==============================================================

{"timestamp":"2025-12-14T06:58:48.949Z","level":"error","message":"global errorhandling Assignment to constant variable.","stack":"TypeError: Assignment to constant variable.\n    at getPageAsync (K:\\nodejs bk\\backend-node.js\\backend-node.js\\backend\\controller\\democontroller.js:81:8)\n    at Layer.handleRequest (K:\\nodejs bk\\backend-node.js\\backend-node.js\\backend\\node_modules\\router\\lib\\layer.js:152:17)\n    at next (K:\\nodejs bk\\backend-node.js\\backend-node.js\\backend\\node_modules\\router\\lib\\route.js:157:13)\n    at K:\\nodejs bk\\backend-node.js\\backend-node.js\\backend\\middleware\\expressValidator.js:12:14"}
==============================================================

{"timestamp":"2025-12-14T06:58:50.345Z","level":"error","message":"global errorhandling Assignment to constant variable.","stack":"TypeError: Assignment to constant variable.\n    at getPageAsync (K:\\nodejs bk\\backend-node.js\\backend-node.js\\backend\\controller\\democontroller.js:81:8)\n    at Layer.handleRequest (K:\\nodejs bk\\backend-node.js\\backend-node.js\\backend\\node_modules\\router\\lib\\layer.js:152:17)\n    at next (K:\\nodejs bk\\backend-node.js\\backend-node.js\\backend\\node_modules\\router\\lib\\route.js:157:13)\n    at K:\\nodejs bk\\backend-node.js\\backend-node.js\\backend\\middleware\\expressValidator.js:12:14"}
==============================================================

{"timestamp":"2025-12-14T06:59:53.373Z","level":"error","message":"global errorhandling Assignment to constant variable.","stack":"TypeError: Assignment to constant variable.\n    at getPageAsync (K:\\nodejs bk\\backend-node.js\\backend-node.js\\backend\\controller\\democontroller.js:81:8)\n    at Layer.handleRequest (K:\\nodejs bk\\backend-node.js\\backend-node.js\\backend\\node_modules\\router\\lib\\layer.js:152:17)\n    at next (K:\\nodejs bk\\backend-node.js\\backend-node.js\\backend\\node_modules\\router\\lib\\route.js:157:13)\n    at K:\\nodejs bk\\backend-node.js\\backend-node.js\\backend\\middleware\\expressValidator.js:12:14"}
==============================================================

{"timestamp":"2025-12-14T06:59:56.506Z","level":"error","message":"global errorhandling Assignment to constant variable.","stack":"TypeError: Assignment to constant variable.\n    at getPageAsync (K:\\nodejs bk\\backend-node.js\\backend-node.js\\backend\\controller\\democontroller.js:81:8)\n    at Layer.handleRequest (K:\\nodejs bk\\backend-node.js\\backend-node.js\\backend\\node_modules\\router\\lib\\layer.js:152:17)\n    at next (K:\\nodejs bk\\backend-node.js\\backend-node.js\\backend\\node_modules\\router\\lib\\route.js:157:13)\n    at K:\\nodejs bk\\backend-node.js\\backend-node.js\\backend\\middleware\\expressValidator.js:12:14"}
==============================================================

{"timestamp":"2025-12-14T06:59:58.184Z","level":"error","message":"global errorhandling Assignment to constant variable.","stack":"TypeError: Assignment to constant variable.\n    at getPageAsync (K:\\nodejs bk\\backend-node.js\\backend-node.js\\backend\\controller\\democontroller.js:81:8)\n    at Layer.handleRequest (K:\\nodejs bk\\backend-node.js\\backend-node.js\\backend\\node_modules\\router\\lib\\layer.js:152:17)\n    at next (K:\\nodejs bk\\backend-node.js\\backend-node.js\\backend\\node_modules\\router\\lib\\route.js:157:13)\n    at K:\\nodejs bk\\backend-node.js\\backend-node.js\\backend\\middleware\\expressValidator.js:12:14"}
==============================================================

{"timestamp":"2025-12-14T07:00:30.256Z","level":"error","message":"global errorhandling Assignment to constant variable.","stack":"TypeError: Assignment to constant variable.\n    at getPageAsync (K:\\nodejs bk\\backend-node.js\\backend-node.js\\backend\\controller\\democontroller.js:81:8)\n    at Layer.handleRequest (K:\\nodejs bk\\backend-node.js\\backend-node.js\\backend\\node_modules\\router\\lib\\layer.js:152:17)\n    at next (K:\\nodejs bk\\backend-node.js\\backend-node.js\\backend\\node_modules\\router\\lib\\route.js:157:13)\n    at K:\\nodejs bk\\backend-node.js\\backend-node.js\\backend\\middleware\\expressValidator.js:12:14"}
==============================================================

{"timestamp":"2025-12-14T07:01:18.285Z","level":"error","message":"global errorhandling filter is not defined","stack":"ReferenceError: filter is not defined\n    at getPageAsync (K:\\nodejs bk\\backend-node.js\\backend-node.js\\backend\\controller\\democontroller.js:84:15)\n    at Layer.handleRequest (K:\\nodejs bk\\backend-node.js\\backend-node.js\\backend\\node_modules\\router\\lib\\layer.js:152:17)\n    at next (K:\\nodejs bk\\backend-node.js\\backend-node.js\\backend\\node_modules\\router\\lib\\route.js:157:13)\n    at K:\\nodejs bk\\backend-node.js\\backend-node.js\\backend\\middleware\\expressValidator.js:12:14"}
==============================================================

{"timestamp":"2025-12-14T07:06:28.733Z","level":"error","message":"global errorhandling demo not exists","stack":"EntityNotFoundException: demo not exists\n    at checkDemoExists (K:\\nodejs bk\\backend-node.js\\backend-node.js\\backend\\service\\demoservice.js:77:11)\n    at process.processTicksAndRejections (node:internal/process/task_queues:95:5)\n    at async Object.deleteAsync (K:\\nodejs bk\\backend-node.js\\backend-node.js\\backend\\service\\demoservice.js:154:3)\n    at async deleteAsync (K:\\nodejs bk\\backend-node.js\\backend-node.js\\backend\\controller\\democontroller.js:100:16)"}
==============================================================

